{"total": {"lines":{"total":924,"covered":840,"skipped":0,"pct":90.9},"statements":{"total":970,"covered":870,"skipped":0,"pct":89.69},"functions":{"total":143,"covered":128,"skipped":0,"pct":89.51},"branches":{"total":480,"covered":390,"skipped":0,"pct":81.25},"branchesTrue":{"total":0,"covered":0,"skipped":0,"pct":100}}
,"/Users/user1000/gitprojects/aegis12-gateway/src/demo.ts": {"lines":{"total":14,"covered":0,"skipped":0,"pct":0},"functions":{"total":1,"covered":0,"skipped":0,"pct":0},"statements":{"total":14,"covered":0,"skipped":0,"pct":0},"branches":{"total":0,"covered":0,"skipped":0,"pct":100}}
,"/Users/user1000/gitprojects/aegis12-gateway/src/healthtech-types.ts": {"lines":{"total":0,"covered":0,"skipped":0,"pct":100},"functions":{"total":0,"covered":0,"skipped":0,"pct":100},"statements":{"total":0,"covered":0,"skipped":0,"pct":100},"branches":{"total":0,"covered":0,"skipped":0,"pct":100}}
,"/Users/user1000/gitprojects/aegis12-gateway/src/index.ts": {"lines":{"total":0,"covered":0,"skipped":0,"pct":100},"functions":{"total":0,"covered":0,"skipped":0,"pct":100},"statements":{"total":0,"covered":0,"skipped":0,"pct":100},"branches":{"total":0,"covered":0,"skipped":0,"pct":100}}
,"/Users/user1000/gitprojects/aegis12-gateway/src/phala_cvm_server.ts": {"lines":{"total":25,"covered":24,"skipped":0,"pct":96},"functions":{"total":5,"covered":4,"skipped":0,"pct":80},"statements":{"total":26,"covered":25,"skipped":0,"pct":96.15},"branches":{"total":8,"covered":8,"skipped":0,"pct":100}}
,"/Users/user1000/gitprojects/aegis12-gateway/src/server.ts": {"lines":{"total":0,"covered":0,"skipped":0,"pct":100},"functions":{"total":0,"covered":0,"skipped":0,"pct":100},"statements":{"total":0,"covered":0,"skipped":0,"pct":100},"branches":{"total":0,"covered":0,"skipped":0,"pct":100}}
,"/Users/user1000/gitprojects/aegis12-gateway/src/solana-agent-kit.ts": {"lines":{"total":14,"covered":14,"skipped":0,"pct":100},"functions":{"total":2,"covered":2,"skipped":0,"pct":100},"statements":{"total":14,"covered":14,"skipped":0,"pct":100},"branches":{"total":15,"covered":14,"skipped":0,"pct":93.33}}
,"/Users/user1000/gitprojects/aegis12-gateway/src/types.ts": {"lines":{"total":9,"covered":9,"skipped":0,"pct":100},"functions":{"total":2,"covered":2,"skipped":0,"pct":100},"statements":{"total":9,"covered":9,"skipped":0,"pct":100},"branches":{"total":0,"covered":0,"skipped":0,"pct":100}}
,"/Users/user1000/gitprojects/aegis12-gateway/src/application/PhalaEntrypoint.ts": {"lines":{"total":21,"covered":17,"skipped":0,"pct":80.95},"functions":{"total":1,"covered":1,"skipped":0,"pct":100},"statements":{"total":21,"covered":17,"skipped":0,"pct":80.95},"branches":{"total":8,"covered":4,"skipped":0,"pct":50}}
,"/Users/user1000/gitprojects/aegis12-gateway/src/domain/Eip712Verifier.ts": {"lines":{"total":9,"covered":9,"skipped":0,"pct":100},"functions":{"total":1,"covered":1,"skipped":0,"pct":100},"statements":{"total":9,"covered":9,"skipped":0,"pct":100},"branches":{"total":8,"covered":6,"skipped":0,"pct":75}}
,"/Users/user1000/gitprojects/aegis12-gateway/src/domain/PolicyValidator.ts": {"lines":{"total":37,"covered":29,"skipped":0,"pct":78.37},"functions":{"total":6,"covered":5,"skipped":0,"pct":83.33},"statements":{"total":39,"covered":29,"skipped":0,"pct":74.35},"branches":{"total":34,"covered":24,"skipped":0,"pct":70.58}}
,"/Users/user1000/gitprojects/aegis12-gateway/src/domain/TierEvaluator.ts": {"lines":{"total":27,"covered":27,"skipped":0,"pct":100},"functions":{"total":1,"covered":1,"skipped":0,"pct":100},"statements":{"total":27,"covered":27,"skipped":0,"pct":100},"branches":{"total":20,"covered":19,"skipped":0,"pct":95}}
,"/Users/user1000/gitprojects/aegis12-gateway/src/infrastructure/AegisLocalStateStore.ts": {"lines":{"total":53,"covered":48,"skipped":0,"pct":90.56},"functions":{"total":13,"covered":11,"skipped":0,"pct":84.61},"statements":{"total":58,"covered":52,"skipped":0,"pct":89.65},"branches":{"total":7,"covered":4,"skipped":0,"pct":57.14}}
,"/Users/user1000/gitprojects/aegis12-gateway/src/infrastructure/AegisPEP.ts": {"lines":{"total":70,"covered":60,"skipped":0,"pct":85.71},"functions":{"total":9,"covered":8,"skipped":0,"pct":88.88},"statements":{"total":73,"covered":62,"skipped":0,"pct":84.93},"branches":{"total":41,"covered":30,"skipped":0,"pct":73.17}}
,"/Users/user1000/gitprojects/aegis12-gateway/src/infrastructure/AegisRegistryClient.ts": {"lines":{"total":23,"covered":23,"skipped":0,"pct":100},"functions":{"total":4,"covered":4,"skipped":0,"pct":100},"statements":{"total":23,"covered":23,"skipped":0,"pct":100},"branches":{"total":0,"covered":0,"skipped":0,"pct":100}}
,"/Users/user1000/gitprojects/aegis12-gateway/src/infrastructure/AegisSigner.ts": {"lines":{"total":24,"covered":23,"skipped":0,"pct":95.83},"functions":{"total":8,"covered":7,"skipped":0,"pct":87.5},"statements":{"total":26,"covered":23,"skipped":0,"pct":88.46},"branches":{"total":6,"covered":4,"skipped":0,"pct":66.66}}
,"/Users/user1000/gitprojects/aegis12-gateway/src/infrastructure/AegisZKClient.ts": {"lines":{"total":30,"covered":30,"skipped":0,"pct":100},"functions":{"total":4,"covered":4,"skipped":0,"pct":100},"statements":{"total":30,"covered":30,"skipped":0,"pct":100},"branches":{"total":18,"covered":17,"skipped":0,"pct":94.44}}
,"/Users/user1000/gitprojects/aegis12-gateway/src/infrastructure/CircuitBreaker.ts": {"lines":{"total":36,"covered":35,"skipped":0,"pct":97.22},"functions":{"total":10,"covered":8,"skipped":0,"pct":80},"statements":{"total":37,"covered":35,"skipped":0,"pct":94.59},"branches":{"total":14,"covered":13,"skipped":0,"pct":92.85}}
,"/Users/user1000/gitprojects/aegis12-gateway/src/infrastructure/HealthtechPEP.ts": {"lines":{"total":21,"covered":21,"skipped":0,"pct":100},"functions":{"total":4,"covered":4,"skipped":0,"pct":100},"statements":{"total":21,"covered":21,"skipped":0,"pct":100},"branches":{"total":8,"covered":6,"skipped":0,"pct":75}}
,"/Users/user1000/gitprojects/aegis12-gateway/src/infrastructure/JitoBundler.ts": {"lines":{"total":14,"covered":14,"skipped":0,"pct":100},"functions":{"total":1,"covered":1,"skipped":0,"pct":100},"statements":{"total":14,"covered":14,"skipped":0,"pct":100},"branches":{"total":4,"covered":4,"skipped":0,"pct":100}}
,"/Users/user1000/gitprojects/aegis12-gateway/src/infrastructure/NonceRegistry.ts": {"lines":{"total":92,"covered":77,"skipped":0,"pct":83.69},"functions":{"total":15,"covered":12,"skipped":0,"pct":80},"statements":{"total":104,"covered":85,"skipped":0,"pct":81.73},"branches":{"total":26,"covered":15,"skipped":0,"pct":57.69}}
,"/Users/user1000/gitprojects/aegis12-gateway/src/infrastructure/PhalaTappdMock.ts": {"lines":{"total":10,"covered":8,"skipped":0,"pct":80},"functions":{"total":2,"covered":2,"skipped":0,"pct":100},"statements":{"total":10,"covered":8,"skipped":0,"pct":80},"branches":{"total":6,"covered":4,"skipped":0,"pct":66.66}}
,"/Users/user1000/gitprojects/aegis12-gateway/src/infrastructure/SolanaAnchor.ts": {"lines":{"total":74,"covered":59,"skipped":0,"pct":79.72},"functions":{"total":8,"covered":8,"skipped":0,"pct":100},"statements":{"total":75,"covered":60,"skipped":0,"pct":80},"branches":{"total":49,"covered":36,"skipped":0,"pct":73.46}}
,"/Users/user1000/gitprojects/aegis12-gateway/src/infrastructure/SolanaTransactionFirewall.ts": {"lines":{"total":159,"covered":155,"skipped":0,"pct":97.48},"functions":{"total":21,"covered":19,"skipped":0,"pct":90.47},"statements":{"total":169,"covered":161,"skipped":0,"pct":95.26},"branches":{"total":84,"covered":73,"skipped":0,"pct":86.9}}
,"/Users/user1000/gitprojects/aegis12-gateway/src/infrastructure/SquadsGovernance.ts": {"lines":{"total":33,"covered":33,"skipped":0,"pct":100},"functions":{"total":10,"covered":10,"skipped":0,"pct":100},"statements":{"total":35,"covered":34,"skipped":0,"pct":97.14},"branches":{"total":20,"covered":19,"skipped":0,"pct":95}}
,"/Users/user1000/gitprojects/aegis12-gateway/src/infrastructure/X402PayGate.ts": {"lines":{"total":79,"covered":77,"skipped":0,"pct":97.46},"functions":{"total":8,"covered":8,"skipped":0,"pct":100},"statements":{"total":83,"covered":81,"skipped":0,"pct":97.59},"branches":{"total":65,"covered":55,"skipped":0,"pct":84.61}}
,"/Users/user1000/gitprojects/aegis12-gateway/src/infrastructure/web/AegisFastifyServer.ts": {"lines":{"total":28,"covered":26,"skipped":0,"pct":92.85},"functions":{"total":4,"covered":3,"skipped":0,"pct":75},"statements":{"total":30,"covered":28,"skipped":0,"pct":93.33},"branches":{"total":14,"covered":12,"skipped":0,"pct":85.71}}
,"/Users/user1000/gitprojects/aegis12-gateway/src/ports/IAegisStateStore.ts": {"lines":{"total":0,"covered":0,"skipped":0,"pct":100},"functions":{"total":0,"covered":0,"skipped":0,"pct":100},"statements":{"total":0,"covered":0,"skipped":0,"pct":100},"branches":{"total":0,"covered":0,"skipped":0,"pct":100}}
,"/Users/user1000/gitprojects/aegis12-gateway/src/ports/INonceRegistry.ts": {"lines":{"total":0,"covered":0,"skipped":0,"pct":100},"functions":{"total":0,"covered":0,"skipped":0,"pct":100},"statements":{"total":0,"covered":0,"skipped":0,"pct":100},"branches":{"total":0,"covered":0,"skipped":0,"pct":100}}
,"/Users/user1000/gitprojects/aegis12-gateway/src/registry/EvidenceRegistry.ts": {"lines":{"total":22,"covered":22,"skipped":0,"pct":100},"functions":{"total":3,"covered":3,"skipped":0,"pct":100},"statements":{"total":23,"covered":23,"skipped":0,"pct":100},"branches":{"total":25,"covered":23,"skipped":0,"pct":92}}
}
