{"total": {"lines":{"total":1590,"covered":1212,"skipped":0,"pct":76.22},"statements":{"total":1696,"covered":1261,"skipped":0,"pct":74.35},"functions":{"total":284,"covered":208,"skipped":0,"pct":73.23},"branches":{"total":838,"covered":543,"skipped":0,"pct":64.79},"branchesTrue":{"total":0,"covered":0,"skipped":0,"pct":100}}
,"/Users/user1000/gitprojects/aegis12-gateway/packages/telemetry-shield/src/index.ts": {"lines":{"total":44,"covered":43,"skipped":0,"pct":97.72},"functions":{"total":14,"covered":12,"skipped":0,"pct":85.71},"statements":{"total":50,"covered":48,"skipped":0,"pct":96},"branches":{"total":23,"covered":19,"skipped":0,"pct":82.6}}
,"/Users/user1000/gitprojects/aegis12-gateway/packages/telemetry-shield/src/types.ts": {"lines":{"total":0,"covered":0,"skipped":0,"pct":100},"functions":{"total":0,"covered":0,"skipped":0,"pct":100},"statements":{"total":0,"covered":0,"skipped":0,"pct":100},"branches":{"total":0,"covered":0,"skipped":0,"pct":100}}
,"/Users/user1000/gitprojects/aegis12-gateway/packages/telemetry-shield/src/wal.ts": {"lines":{"total":56,"covered":55,"skipped":0,"pct":98.21},"functions":{"total":11,"covered":9,"skipped":0,"pct":81.81},"statements":{"total":60,"covered":56,"skipped":0,"pct":93.33},"branches":{"total":31,"covered":22,"skipped":0,"pct":70.96}}
,"/Users/user1000/gitprojects/aegis12-gateway/packages/telemetry-shield/src/anchors/lit.ts": {"lines":{"total":25,"covered":0,"skipped":0,"pct":0},"functions":{"total":2,"covered":0,"skipped":0,"pct":0},"statements":{"total":26,"covered":0,"skipped":0,"pct":0},"branches":{"total":0,"covered":0,"skipped":0,"pct":100}}
,"/Users/user1000/gitprojects/aegis12-gateway/packages/telemetry-shield/src/anchors/phala.ts": {"lines":{"total":24,"covered":0,"skipped":0,"pct":0},"functions":{"total":3,"covered":0,"skipped":0,"pct":0},"statements":{"total":25,"covered":0,"skipped":0,"pct":0},"branches":{"total":14,"covered":0,"skipped":0,"pct":0}}
,"/Users/user1000/gitprojects/aegis12-gateway/packages/telemetry-shield/src/anchors/zk_hybrid.ts": {"lines":{"total":13,"covered":0,"skipped":0,"pct":0},"functions":{"total":3,"covered":0,"skipped":0,"pct":0},"statements":{"total":14,"covered":0,"skipped":0,"pct":0},"branches":{"total":0,"covered":0,"skipped":0,"pct":100}}
,"/Users/user1000/gitprojects/aegis12-gateway/src/BatchAnchorWorker.ts": {"lines":{"total":37,"covered":13,"skipped":0,"pct":35.13},"functions":{"total":10,"covered":3,"skipped":0,"pct":30},"statements":{"total":43,"covered":13,"skipped":0,"pct":30.23},"branches":{"total":13,"covered":4,"skipped":0,"pct":30.76}}
,"/Users/user1000/gitprojects/aegis12-gateway/src/errors.ts": {"lines":{"total":2,"covered":2,"skipped":0,"pct":100},"functions":{"total":1,"covered":1,"skipped":0,"pct":100},"statements":{"total":2,"covered":2,"skipped":0,"pct":100},"branches":{"total":0,"covered":0,"skipped":0,"pct":100}}
,"/Users/user1000/gitprojects/aegis12-gateway/src/healthtech-types.ts": {"lines":{"total":0,"covered":0,"skipped":0,"pct":100},"functions":{"total":0,"covered":0,"skipped":0,"pct":100},"statements":{"total":0,"covered":0,"skipped":0,"pct":100},"branches":{"total":0,"covered":0,"skipped":0,"pct":100}}
,"/Users/user1000/gitprojects/aegis12-gateway/src/index.ts": {"lines":{"total":0,"covered":0,"skipped":0,"pct":100},"functions":{"total":0,"covered":0,"skipped":0,"pct":100},"statements":{"total":0,"covered":0,"skipped":0,"pct":100},"branches":{"total":0,"covered":0,"skipped":0,"pct":100}}
,"/Users/user1000/gitprojects/aegis12-gateway/src/phala_cvm_server.ts": {"lines":{"total":58,"covered":36,"skipped":0,"pct":62.06},"functions":{"total":5,"covered":4,"skipped":0,"pct":80},"statements":{"total":60,"covered":37,"skipped":0,"pct":61.66},"branches":{"total":20,"covered":16,"skipped":0,"pct":80}}
,"/Users/user1000/gitprojects/aegis12-gateway/src/server.ts": {"lines":{"total":0,"covered":0,"skipped":0,"pct":100},"functions":{"total":0,"covered":0,"skipped":0,"pct":100},"statements":{"total":0,"covered":0,"skipped":0,"pct":100},"branches":{"total":0,"covered":0,"skipped":0,"pct":100}}
,"/Users/user1000/gitprojects/aegis12-gateway/src/solana-agent-kit.ts": {"lines":{"total":14,"covered":14,"skipped":0,"pct":100},"functions":{"total":2,"covered":2,"skipped":0,"pct":100},"statements":{"total":14,"covered":14,"skipped":0,"pct":100},"branches":{"total":15,"covered":14,"skipped":0,"pct":93.33}}
,"/Users/user1000/gitprojects/aegis12-gateway/src/types.ts": {"lines":{"total":7,"covered":7,"skipped":0,"pct":100},"functions":{"total":2,"covered":2,"skipped":0,"pct":100},"statements":{"total":7,"covered":7,"skipped":0,"pct":100},"branches":{"total":0,"covered":0,"skipped":0,"pct":100}}
,"/Users/user1000/gitprojects/aegis12-gateway/src/application/BatchProcessor.ts": {"lines":{"total":20,"covered":20,"skipped":0,"pct":100},"functions":{"total":5,"covered":5,"skipped":0,"pct":100},"statements":{"total":24,"covered":24,"skipped":0,"pct":100},"branches":{"total":2,"covered":2,"skipped":0,"pct":100}}
,"/Users/user1000/gitprojects/aegis12-gateway/src/application/PhalaEntrypoint.ts": {"lines":{"total":106,"covered":96,"skipped":0,"pct":90.56},"functions":{"total":25,"covered":19,"skipped":0,"pct":76},"statements":{"total":121,"covered":102,"skipped":0,"pct":84.29},"branches":{"total":74,"covered":45,"skipped":0,"pct":60.81}}
,"/Users/user1000/gitprojects/aegis12-gateway/src/domain/Eip712Verifier.ts": {"lines":{"total":15,"covered":10,"skipped":0,"pct":66.66},"functions":{"total":3,"covered":3,"skipped":0,"pct":100},"statements":{"total":16,"covered":11,"skipped":0,"pct":68.75},"branches":{"total":12,"covered":8,"skipped":0,"pct":66.66}}
,"/Users/user1000/gitprojects/aegis12-gateway/src/domain/IncaInsurancePolicy.ts": {"lines":{"total":8,"covered":0,"skipped":0,"pct":0},"functions":{"total":1,"covered":0,"skipped":0,"pct":0},"statements":{"total":8,"covered":0,"skipped":0,"pct":0},"branches":{"total":8,"covered":0,"skipped":0,"pct":0}}
,"/Users/user1000/gitprojects/aegis12-gateway/src/domain/PolicyValidator.ts": {"lines":{"total":40,"covered":32,"skipped":0,"pct":80},"functions":{"total":6,"covered":5,"skipped":0,"pct":83.33},"statements":{"total":43,"covered":32,"skipped":0,"pct":74.41},"branches":{"total":32,"covered":22,"skipped":0,"pct":68.75}}
,"/Users/user1000/gitprojects/aegis12-gateway/src/domain/TierEvaluator.ts": {"lines":{"total":30,"covered":30,"skipped":0,"pct":100},"functions":{"total":1,"covered":1,"skipped":0,"pct":100},"statements":{"total":30,"covered":30,"skipped":0,"pct":100},"branches":{"total":18,"covered":17,"skipped":0,"pct":94.44}}
,"/Users/user1000/gitprojects/aegis12-gateway/src/infrastructure/AegisJournal.ts": {"lines":{"total":30,"covered":23,"skipped":0,"pct":76.66},"functions":{"total":5,"covered":5,"skipped":0,"pct":100},"statements":{"total":33,"covered":25,"skipped":0,"pct":75.75},"branches":{"total":11,"covered":7,"skipped":0,"pct":63.63}}
,"/Users/user1000/gitprojects/aegis12-gateway/src/infrastructure/AegisLocalStateStore.ts": {"lines":{"total":61,"covered":27,"skipped":0,"pct":44.26},"functions":{"total":14,"covered":7,"skipped":0,"pct":50},"statements":{"total":65,"covered":27,"skipped":0,"pct":41.53},"branches":{"total":25,"covered":5,"skipped":0,"pct":20}}
,"/Users/user1000/gitprojects/aegis12-gateway/src/infrastructure/AegisPEP.ts": {"lines":{"total":81,"covered":68,"skipped":0,"pct":83.95},"functions":{"total":15,"covered":10,"skipped":0,"pct":66.66},"statements":{"total":83,"covered":70,"skipped":0,"pct":84.33},"branches":{"total":49,"covered":37,"skipped":0,"pct":75.51}}
,"/Users/user1000/gitprojects/aegis12-gateway/src/infrastructure/AegisRegistryClient.ts": {"lines":{"total":23,"covered":23,"skipped":0,"pct":100},"functions":{"total":4,"covered":4,"skipped":0,"pct":100},"statements":{"total":23,"covered":23,"skipped":0,"pct":100},"branches":{"total":0,"covered":0,"skipped":0,"pct":100}}
,"/Users/user1000/gitprojects/aegis12-gateway/src/infrastructure/AegisSigner.ts": {"lines":{"total":56,"covered":54,"skipped":0,"pct":96.42},"functions":{"total":13,"covered":12,"skipped":0,"pct":92.3},"statements":{"total":56,"covered":54,"skipped":0,"pct":96.42},"branches":{"total":6,"covered":5,"skipped":0,"pct":83.33}}
,"/Users/user1000/gitprojects/aegis12-gateway/src/infrastructure/AegisZKClient.ts": {"lines":{"total":49,"covered":44,"skipped":0,"pct":89.79},"functions":{"total":5,"covered":4,"skipped":0,"pct":80},"statements":{"total":49,"covered":44,"skipped":0,"pct":89.79},"branches":{"total":28,"covered":22,"skipped":0,"pct":78.57}}
,"/Users/user1000/gitprojects/aegis12-gateway/src/infrastructure/CircuitBreaker.ts": {"lines":{"total":36,"covered":35,"skipped":0,"pct":97.22},"functions":{"total":10,"covered":8,"skipped":0,"pct":80},"statements":{"total":37,"covered":35,"skipped":0,"pct":94.59},"branches":{"total":14,"covered":13,"skipped":0,"pct":92.85}}
,"/Users/user1000/gitprojects/aegis12-gateway/src/infrastructure/HealthtechPEP.ts": {"lines":{"total":21,"covered":21,"skipped":0,"pct":100},"functions":{"total":4,"covered":4,"skipped":0,"pct":100},"statements":{"total":21,"covered":21,"skipped":0,"pct":100},"branches":{"total":8,"covered":6,"skipped":0,"pct":75}}
,"/Users/user1000/gitprojects/aegis12-gateway/src/infrastructure/JitoBundler.ts": {"lines":{"total":14,"covered":14,"skipped":0,"pct":100},"functions":{"total":1,"covered":1,"skipped":0,"pct":100},"statements":{"total":14,"covered":14,"skipped":0,"pct":100},"branches":{"total":6,"covered":5,"skipped":0,"pct":83.33}}
,"/Users/user1000/gitprojects/aegis12-gateway/src/infrastructure/NonceRegistry.ts": {"lines":{"total":61,"covered":49,"skipped":0,"pct":80.32},"functions":{"total":9,"covered":6,"skipped":0,"pct":66.66},"statements":{"total":69,"covered":53,"skipped":0,"pct":76.81},"branches":{"total":24,"covered":14,"skipped":0,"pct":58.33}}
,"/Users/user1000/gitprojects/aegis12-gateway/src/infrastructure/PhalaTappdMock.ts": {"lines":{"total":20,"covered":17,"skipped":0,"pct":85},"functions":{"total":2,"covered":2,"skipped":0,"pct":100},"statements":{"total":20,"covered":17,"skipped":0,"pct":85},"branches":{"total":10,"covered":7,"skipped":0,"pct":70}}
,"/Users/user1000/gitprojects/aegis12-gateway/src/infrastructure/SolanaAnchor.ts": {"lines":{"total":104,"covered":83,"skipped":0,"pct":79.8},"functions":{"total":16,"covered":15,"skipped":0,"pct":93.75},"statements":{"total":110,"covered":86,"skipped":0,"pct":78.18},"branches":{"total":65,"covered":43,"skipped":0,"pct":66.15}}
,"/Users/user1000/gitprojects/aegis12-gateway/src/infrastructure/SolanaTransactionFirewall.ts": {"lines":{"total":161,"covered":157,"skipped":0,"pct":97.51},"functions":{"total":21,"covered":19,"skipped":0,"pct":90.47},"statements":{"total":170,"covered":162,"skipped":0,"pct":95.29},"branches":{"total":84,"covered":73,"skipped":0,"pct":86.9}}
,"/Users/user1000/gitprojects/aegis12-gateway/src/infrastructure/SquadsGovernance.ts": {"lines":{"total":34,"covered":33,"skipped":0,"pct":97.05},"functions":{"total":10,"covered":10,"skipped":0,"pct":100},"statements":{"total":36,"covered":34,"skipped":0,"pct":94.44},"branches":{"total":22,"covered":20,"skipped":0,"pct":90.9}}
,"/Users/user1000/gitprojects/aegis12-gateway/src/infrastructure/TappdClient.ts": {"lines":{"total":42,"covered":10,"skipped":0,"pct":23.8},"functions":{"total":13,"covered":3,"skipped":0,"pct":23.07},"statements":{"total":47,"covered":11,"skipped":0,"pct":23.4},"branches":{"total":13,"covered":6,"skipped":0,"pct":46.15}}
,"/Users/user1000/gitprojects/aegis12-gateway/src/infrastructure/TelemetryTracker.ts": {"lines":{"total":12,"covered":12,"skipped":0,"pct":100},"functions":{"total":5,"covered":5,"skipped":0,"pct":100},"statements":{"total":12,"covered":12,"skipped":0,"pct":100},"branches":{"total":6,"covered":5,"skipped":0,"pct":83.33}}
,"/Users/user1000/gitprojects/aegis12-gateway/src/infrastructure/WALEngine.ts": {"lines":{"total":50,"covered":44,"skipped":0,"pct":88},"functions":{"total":11,"covered":10,"skipped":0,"pct":90.9},"statements":{"total":56,"covered":47,"skipped":0,"pct":83.92},"branches":{"total":10,"covered":7,"skipped":0,"pct":70}}
,"/Users/user1000/gitprojects/aegis12-gateway/src/infrastructure/X402PayGate.ts": {"lines":{"total":78,"covered":76,"skipped":0,"pct":97.43},"functions":{"total":10,"covered":10,"skipped":0,"pct":100},"statements":{"total":86,"covered":83,"skipped":0,"pct":96.51},"branches":{"total":68,"covered":58,"skipped":0,"pct":85.29}}
,"/Users/user1000/gitprojects/aegis12-gateway/src/infrastructure/web/AegisController.ts": {"lines":{"total":94,"covered":22,"skipped":0,"pct":23.4},"functions":{"total":14,"covered":4,"skipped":0,"pct":28.57},"statements":{"total":99,"covered":24,"skipped":0,"pct":24.24},"branches":{"total":76,"covered":15,"skipped":0,"pct":19.73}}
,"/Users/user1000/gitprojects/aegis12-gateway/src/infrastructure/web/AegisFastifyServer.ts": {"lines":{"total":24,"covered":20,"skipped":0,"pct":83.33},"functions":{"total":1,"covered":0,"skipped":0,"pct":0},"statements":{"total":24,"covered":20,"skipped":0,"pct":83.33},"branches":{"total":4,"covered":2,"skipped":0,"pct":50}}
,"/Users/user1000/gitprojects/aegis12-gateway/src/ports/IAegisStateStore.ts": {"lines":{"total":0,"covered":0,"skipped":0,"pct":100},"functions":{"total":0,"covered":0,"skipped":0,"pct":100},"statements":{"total":0,"covered":0,"skipped":0,"pct":100},"branches":{"total":0,"covered":0,"skipped":0,"pct":100}}
,"/Users/user1000/gitprojects/aegis12-gateway/src/ports/INonceRegistry.ts": {"lines":{"total":0,"covered":0,"skipped":0,"pct":100},"functions":{"total":0,"covered":0,"skipped":0,"pct":100},"statements":{"total":0,"covered":0,"skipped":0,"pct":100},"branches":{"total":0,"covered":0,"skipped":0,"pct":100}}
,"/Users/user1000/gitprojects/aegis12-gateway/src/registry/EvidenceRegistry.ts": {"lines":{"total":22,"covered":22,"skipped":0,"pct":100},"functions":{"total":3,"covered":3,"skipped":0,"pct":100},"statements":{"total":23,"covered":23,"skipped":0,"pct":100},"branches":{"total":27,"covered":24,"skipped":0,"pct":88.88}}
,"/Users/user1000/gitprojects/aegis12-gateway/src/sdk/AegisAgentWrapper.ts": {"lines":{"total":18,"covered":0,"skipped":0,"pct":0},"functions":{"total":4,"covered":0,"skipped":0,"pct":0},"statements":{"total":20,"covered":0,"skipped":0,"pct":0},"branches":{"total":20,"covered":0,"skipped":0,"pct":0}}
,"/Users/user1000/gitprojects/aegis12-gateway/src/sdk/index.ts": {"lines":{"total":0,"covered":0,"skipped":0,"pct":100},"functions":{"total":0,"covered":0,"skipped":0,"pct":100},"statements":{"total":0,"covered":0,"skipped":0,"pct":100},"branches":{"total":0,"covered":0,"skipped":0,"pct":100}}
}
