{"/Users/user1000/gitprojects/aegis12-gateway/src/application/PhalaEntrypoint.ts": {"path":"/Users/user1000/gitprojects/aegis12-gateway/src/application/PhalaEntrypoint.ts","statementMap":{"0":{"start":{"line":9,"column":15},"end":{"line":9,"column":32}},"1":{"start":{"line":14,"column":45},"end":{"line":14,"column":47}},"2":{"start":{"line":15,"column":10},"end":{"line":15,"column":42}},"3":{"start":{"line":18,"column":4},"end":{"line":22,"column":null}},"4":{"start":{"line":19,"column":25},"end":{"line":19,"column":null}},"5":{"start":{"line":20,"column":8},"end":{"line":20,"column":null}},"6":{"start":{"line":22,"column":8},"end":{"line":22,"column":null}},"7":{"start":{"line":31,"column":4},"end":{"line":76,"column":null}},"8":{"start":{"line":32,"column":49},"end":{"line":32,"column":75}},"9":{"start":{"line":35,"column":24},"end":{"line":35,"column":50}},"10":{"start":{"line":38,"column":26},"end":{"line":38,"column":null}},"11":{"start":{"line":39,"column":8},"end":{"line":56,"column":null}},"12":{"start":{"line":42,"column":31},"end":{"line":42,"column":52}},"13":{"start":{"line":43,"column":30},"end":{"line":43,"column":72}},"14":{"start":{"line":43,"column":47},"end":{"line":43,"column":65}},"15":{"start":{"line":45,"column":40},"end":{"line":45,"column":113}},"16":{"start":{"line":46,"column":12},"end":{"line":46,"column":null}},"17":{"start":{"line":48,"column":12},"end":{"line":50,"column":null}},"18":{"start":{"line":49,"column":29},"end":{"line":49,"column":61}},"19":{"start":{"line":50,"column":16},"end":{"line":50,"column":null}},"20":{"start":{"line":53,"column":12},"end":{"line":54,"column":null}},"21":{"start":{"line":54,"column":16},"end":{"line":54,"column":null}},"22":{"start":{"line":56,"column":12},"end":{"line":56,"column":null}},"23":{"start":{"line":60,"column":8},"end":{"line":67,"column":null}},"24":{"start":{"line":71,"column":8},"end":{"line":76,"column":null}},"25":{"start":{"line":85,"column":4},"end":{"line":131,"column":null}},"26":{"start":{"line":86,"column":43},"end":{"line":86,"column":69}},"27":{"start":{"line":89,"column":49},"end":{"line":99,"column":null}},"28":{"start":{"line":101,"column":30},"end":{"line":101,"column":71}},"29":{"start":{"line":102,"column":23},"end":{"line":102,"column":60}},"30":{"start":{"line":104,"column":26},"end":{"line":104,"column":null}},"31":{"start":{"line":105,"column":8},"end":{"line":119,"column":null}},"32":{"start":{"line":106,"column":31},"end":{"line":106,"column":52}},"33":{"start":{"line":107,"column":30},"end":{"line":107,"column":72}},"34":{"start":{"line":107,"column":47},"end":{"line":107,"column":65}},"35":{"start":{"line":108,"column":40},"end":{"line":108,"column":113}},"36":{"start":{"line":109,"column":12},"end":{"line":109,"column":null}},"37":{"start":{"line":111,"column":12},"end":{"line":113,"column":null}},"38":{"start":{"line":112,"column":29},"end":{"line":112,"column":61}},"39":{"start":{"line":113,"column":16},"end":{"line":113,"column":null}},"40":{"start":{"line":116,"column":12},"end":{"line":117,"column":null}},"41":{"start":{"line":117,"column":16},"end":{"line":117,"column":null}},"42":{"start":{"line":119,"column":12},"end":{"line":119,"column":null}},"43":{"start":{"line":122,"column":8},"end":{"line":122,"column":null}},"44":{"start":{"line":123,"column":8},"end":{"line":123,"column":null}},"45":{"start":{"line":126,"column":8},"end":{"line":131,"column":null}}},"fnMap":{"0":{"name":"injectTestTrust","decl":{"start":{"line":17,"column":16},"end":{"line":17,"column":32}},"loc":{"start":{"line":17,"column":67},"end":{"line":22,"column":null}},"line":17},"1":{"name":"phalaEntrypoint","decl":{"start":{"line":30,"column":30},"end":{"line":30,"column":46}},"loc":{"start":{"line":30,"column":87},"end":{"line":76,"column":null}},"line":30},"2":{"name":"(anonymous_2)","decl":{"start":{"line":43,"column":30},"end":{"line":43,"column":47}},"loc":{"start":{"line":43,"column":47},"end":{"line":43,"column":65}},"line":43},"3":{"name":"handleHealthtechRequest","decl":{"start":{"line":84,"column":22},"end":{"line":84,"column":46}},"loc":{"start":{"line":84,"column":87},"end":{"line":131,"column":null}},"line":84},"4":{"name":"(anonymous_4)","decl":{"start":{"line":107,"column":30},"end":{"line":107,"column":47}},"loc":{"start":{"line":107,"column":47},"end":{"line":107,"column":65}},"line":107}},"branchMap":{"0":{"loc":{"start":{"line":18,"column":4},"end":{"line":22,"column":null}},"type":"if","locations":[{"start":{"line":18,"column":4},"end":{"line":22,"column":null}},{"start":{"line":21,"column":11},"end":{"line":22,"column":null}}],"line":18},"1":{"loc":{"start":{"line":18,"column":4},"end":{"line":18,"column":85}},"type":"binary-expr","locations":[{"start":{"line":18,"column":4},"end":{"line":18,"column":43}},{"start":{"line":18,"column":43},"end":{"line":18,"column":85}}],"line":18},"2":{"loc":{"start":{"line":48,"column":12},"end":{"line":50,"column":null}},"type":"if","locations":[{"start":{"line":48,"column":12},"end":{"line":50,"column":null}},{"start":{},"end":{}}],"line":48},"3":{"loc":{"start":{"line":53,"column":12},"end":{"line":54,"column":null}},"type":"if","locations":[{"start":{"line":53,"column":12},"end":{"line":54,"column":null}},{"start":{},"end":{}}],"line":53},"4":{"loc":{"start":{"line":111,"column":12},"end":{"line":113,"column":null}},"type":"if","locations":[{"start":{"line":111,"column":12},"end":{"line":113,"column":null}},{"start":{},"end":{}}],"line":111},"5":{"loc":{"start":{"line":116,"column":12},"end":{"line":117,"column":null}},"type":"if","locations":[{"start":{"line":116,"column":12},"end":{"line":117,"column":null}},{"start":{},"end":{}}],"line":116}},"s":{"0":1,"1":1,"2":1,"3":1,"4":0,"5":0,"6":1,"7":3,"8":3,"9":3,"10":1,"11":1,"12":1,"13":1,"14":0,"15":1,"16":0,"17":0,"18":0,"19":0,"20":1,"21":0,"22":1,"23":1,"24":2,"25":1,"26":1,"27":1,"28":1,"29":1,"30":1,"31":1,"32":1,"33":1,"34":0,"35":1,"36":0,"37":0,"38":0,"39":0,"40":1,"41":0,"42":1,"43":1,"44":1,"45":0},"f":{"0":1,"1":3,"2":0,"3":1,"4":0},"b":{"0":[0,1],"1":[1,0],"2":[0,0],"3":[0,1],"4":[0,0],"5":[0,1]},"meta":{"lastBranch":6,"lastFunction":5,"lastStatement":46,"seen":{"s:9:15:9:32":0,"s:14:45:14:47":1,"s:15:10:15:42":2,"f:17:16:17:32":0,"b:18:4:22:Infinity:21:11:22:Infinity":0,"s:18:4:22:Infinity":3,"b:18:4:18:43:18:43:18:85":1,"s:19:25:19:Infinity":4,"s:20:8:20:Infinity":5,"s:22:8:22:Infinity":6,"f:30:30:30:46":1,"s:31:4:76:Infinity":7,"s:32:49:32:75":8,"s:35:24:35:50":9,"s:38:26:38:Infinity":10,"s:39:8:56:Infinity":11,"s:42:31:42:52":12,"s:43:30:43:72":13,"f:43:30:43:47":2,"s:43:47:43:65":14,"s:45:40:45:113":15,"s:46:12:46:Infinity":16,"b:48:12:50:Infinity:undefined:undefined:undefined:undefined":2,"s:48:12:50:Infinity":17,"s:49:29:49:61":18,"s:50:16:50:Infinity":19,"b:53:12:54:Infinity:undefined:undefined:undefined:undefined":3,"s:53:12:54:Infinity":20,"s:54:16:54:Infinity":21,"s:56:12:56:Infinity":22,"s:60:8:67:Infinity":23,"s:71:8:76:Infinity":24,"f:84:22:84:46":3,"s:85:4:131:Infinity":25,"s:86:43:86:69":26,"s:89:49:99:Infinity":27,"s:101:30:101:71":28,"s:102:23:102:60":29,"s:104:26:104:Infinity":30,"s:105:8:119:Infinity":31,"s:106:31:106:52":32,"s:107:30:107:72":33,"f:107:30:107:47":4,"s:107:47:107:65":34,"s:108:40:108:113":35,"s:109:12:109:Infinity":36,"b:111:12:113:Infinity:undefined:undefined:undefined:undefined":4,"s:111:12:113:Infinity":37,"s:112:29:112:61":38,"s:113:16:113:Infinity":39,"b:116:12:117:Infinity:undefined:undefined:undefined:undefined":5,"s:116:12:117:Infinity":40,"s:117:16:117:Infinity":41,"s:119:12:119:Infinity":42,"s:122:8:122:Infinity":43,"s:123:8:123:Infinity":44,"s:126:8:131:Infinity":45}}}
,"/Users/user1000/gitprojects/aegis12-gateway/src/domain/PolicyValidator.ts": {"path":"/Users/user1000/gitprojects/aegis12-gateway/src/domain/PolicyValidator.ts","statementMap":{"0":{"start":{"line":2,"column":4},"end":{"line":3,"column":null}},"1":{"start":{"line":3,"column":8},"end":{"line":3,"column":null}},"2":{"start":{"line":5,"column":4},"end":{"line":6,"column":null}},"3":{"start":{"line":6,"column":8},"end":{"line":6,"column":null}},"4":{"start":{"line":8,"column":4},"end":{"line":9,"column":null}},"5":{"start":{"line":9,"column":8},"end":{"line":9,"column":null}},"6":{"start":{"line":11,"column":4},"end":{"line":11,"column":null}},"7":{"start":{"line":15,"column":4},"end":{"line":15,"column":null}},"8":{"start":{"line":19,"column":4},"end":{"line":46,"column":null}},"9":{"start":{"line":20,"column":8},"end":{"line":21,"column":null}},"10":{"start":{"line":21,"column":12},"end":{"line":21,"column":null}},"11":{"start":{"line":23,"column":8},"end":{"line":24,"column":null}},"12":{"start":{"line":24,"column":12},"end":{"line":24,"column":null}},"13":{"start":{"line":26,"column":8},"end":{"line":30,"column":null}},"14":{"start":{"line":31,"column":15},"end":{"line":46,"column":null}},"15":{"start":{"line":32,"column":8},"end":{"line":33,"column":null}},"16":{"start":{"line":33,"column":12},"end":{"line":33,"column":null}},"17":{"start":{"line":35,"column":8},"end":{"line":36,"column":null}},"18":{"start":{"line":36,"column":12},"end":{"line":36,"column":null}},"19":{"start":{"line":38,"column":8},"end":{"line":39,"column":null}},"20":{"start":{"line":39,"column":12},"end":{"line":39,"column":null}},"21":{"start":{"line":41,"column":8},"end":{"line":46,"column":null}},"22":{"start":{"line":49,"column":4},"end":{"line":49,"column":null}}},"fnMap":{"0":{"name":"assertSafeFinancialAmount","decl":{"start":{"line":1,"column":16},"end":{"line":1,"column":42}},"loc":{"start":{"line":1,"column":85},"end":{"line":11,"column":null}},"line":1},"1":{"name":"isValidSolanaAddress","decl":{"start":{"line":14,"column":16},"end":{"line":14,"column":37}},"loc":{"start":{"line":14,"column":60},"end":{"line":15,"column":null}},"line":14},"2":{"name":"normalizeParameters","decl":{"start":{"line":18,"column":16},"end":{"line":18,"column":36}},"loc":{"start":{"line":18,"column":114},"end":{"line":49,"column":null}},"line":18}},"branchMap":{"0":{"loc":{"start":{"line":2,"column":4},"end":{"line":3,"column":null}},"type":"if","locations":[{"start":{"line":2,"column":4},"end":{"line":3,"column":null}},{"start":{},"end":{}}],"line":2},"1":{"loc":{"start":{"line":5,"column":4},"end":{"line":6,"column":null}},"type":"if","locations":[{"start":{"line":5,"column":4},"end":{"line":6,"column":null}},{"start":{},"end":{}}],"line":5},"2":{"loc":{"start":{"line":5,"column":8},"end":{"line":5,"column":47}},"type":"binary-expr","locations":[{"start":{"line":5,"column":8},"end":{"line":5,"column":31}},{"start":{"line":5,"column":35},"end":{"line":5,"column":47}}],"line":5},"3":{"loc":{"start":{"line":8,"column":4},"end":{"line":9,"column":null}},"type":"if","locations":[{"start":{"line":8,"column":4},"end":{"line":9,"column":null}},{"start":{},"end":{}}],"line":8},"4":{"loc":{"start":{"line":15,"column":11},"end":{"line":15,"column":81}},"type":"binary-expr","locations":[{"start":{"line":15,"column":11},"end":{"line":15,"column":39}},{"start":{"line":15,"column":39},"end":{"line":15,"column":81}}],"line":15},"5":{"loc":{"start":{"line":19,"column":4},"end":{"line":46,"column":null}},"type":"if","locations":[{"start":{"line":19,"column":4},"end":{"line":46,"column":null}},{"start":{"line":31,"column":15},"end":{"line":46,"column":null}}],"line":19},"6":{"loc":{"start":{"line":20,"column":8},"end":{"line":21,"column":null}},"type":"if","locations":[{"start":{"line":20,"column":8},"end":{"line":21,"column":null}},{"start":{},"end":{}}],"line":20},"7":{"loc":{"start":{"line":23,"column":8},"end":{"line":24,"column":null}},"type":"if","locations":[{"start":{"line":23,"column":8},"end":{"line":24,"column":null}},{"start":{},"end":{}}],"line":23},"8":{"loc":{"start":{"line":31,"column":15},"end":{"line":46,"column":null}},"type":"if","locations":[{"start":{"line":31,"column":15},"end":{"line":46,"column":null}},{"start":{},"end":{}}],"line":31},"9":{"loc":{"start":{"line":32,"column":8},"end":{"line":33,"column":null}},"type":"if","locations":[{"start":{"line":32,"column":8},"end":{"line":33,"column":null}},{"start":{},"end":{}}],"line":32},"10":{"loc":{"start":{"line":35,"column":8},"end":{"line":36,"column":null}},"type":"if","locations":[{"start":{"line":35,"column":8},"end":{"line":36,"column":null}},{"start":{},"end":{}}],"line":35},"11":{"loc":{"start":{"line":38,"column":8},"end":{"line":39,"column":null}},"type":"if","locations":[{"start":{"line":38,"column":8},"end":{"line":39,"column":null}},{"start":{},"end":{}}],"line":38}},"s":{"0":6,"1":0,"2":6,"3":0,"4":6,"5":0,"6":6,"7":6,"8":6,"9":3,"10":0,"11":3,"12":1,"13":2,"14":3,"15":2,"16":1,"17":1,"18":0,"19":1,"20":0,"21":1,"22":1},"f":{"0":6,"1":6,"2":6},"b":{"0":[0,6],"1":[0,6],"2":[6,6],"3":[0,6],"4":[6,6],"5":[3,3],"6":[0,3],"7":[1,2],"8":[2,1],"9":[1,1],"10":[0,1],"11":[0,1]},"meta":{"lastBranch":12,"lastFunction":3,"lastStatement":23,"seen":{"f:1:16:1:42":0,"b:2:4:3:Infinity:undefined:undefined:undefined:undefined":0,"s:2:4:3:Infinity":0,"s:3:8:3:Infinity":1,"b:5:4:6:Infinity:undefined:undefined:undefined:undefined":1,"s:5:4:6:Infinity":2,"b:5:8:5:31:5:35:5:47":2,"s:6:8:6:Infinity":3,"b:8:4:9:Infinity:undefined:undefined:undefined:undefined":3,"s:8:4:9:Infinity":4,"s:9:8:9:Infinity":5,"s:11:4:11:Infinity":6,"f:14:16:14:37":1,"s:15:4:15:Infinity":7,"b:15:11:15:39:15:39:15:81":4,"f:18:16:18:36":2,"b:19:4:46:Infinity:31:15:46:Infinity":5,"s:19:4:46:Infinity":8,"b:20:8:21:Infinity:undefined:undefined:undefined:undefined":6,"s:20:8:21:Infinity":9,"s:21:12:21:Infinity":10,"b:23:8:24:Infinity:undefined:undefined:undefined:undefined":7,"s:23:8:24:Infinity":11,"s:24:12:24:Infinity":12,"s:26:8:30:Infinity":13,"b:31:15:46:Infinity:undefined:undefined:undefined:undefined":8,"s:31:15:46:Infinity":14,"b:32:8:33:Infinity:undefined:undefined:undefined:undefined":9,"s:32:8:33:Infinity":15,"s:33:12:33:Infinity":16,"b:35:8:36:Infinity:undefined:undefined:undefined:undefined":10,"s:35:8:36:Infinity":17,"s:36:12:36:Infinity":18,"b:38:8:39:Infinity:undefined:undefined:undefined:undefined":11,"s:38:8:39:Infinity":19,"s:39:12:39:Infinity":20,"s:41:8:46:Infinity":21,"s:49:4:49:Infinity":22}}}
,"/Users/user1000/gitprojects/aegis12-gateway/src/infrastructure/AegisPEP.ts": {"path":"/Users/user1000/gitprojects/aegis12-gateway/src/infrastructure/AegisPEP.ts","statementMap":{"0":{"start":{"line":10,"column":23},"end":{"line":10,"column":null}},"1":{"start":{"line":11,"column":26},"end":{"line":11,"column":null}},"2":{"start":{"line":12,"column":29},"end":{"line":12,"column":null}},"3":{"start":{"line":16,"column":12},"end":{"line":16,"column":109}},"4":{"start":{"line":25,"column":8},"end":{"line":25,"column":null}},"5":{"start":{"line":27,"column":26},"end":{"line":27,"column":76}},"6":{"start":{"line":28,"column":8},"end":{"line":28,"column":null}},"7":{"start":{"line":28,"column":44},"end":{"line":28,"column":71}},"8":{"start":{"line":29,"column":8},"end":{"line":29,"column":null}},"9":{"start":{"line":31,"column":8},"end":{"line":31,"column":null}},"10":{"start":{"line":43,"column":8},"end":{"line":43,"column":null}},"11":{"start":{"line":47,"column":8},"end":{"line":152,"column":null}},"12":{"start":{"line":51,"column":12},"end":{"line":52,"column":null}},"13":{"start":{"line":52,"column":16},"end":{"line":52,"column":null}},"14":{"start":{"line":55,"column":12},"end":{"line":56,"column":null}},"15":{"start":{"line":56,"column":16},"end":{"line":56,"column":null}},"16":{"start":{"line":63,"column":12},"end":{"line":66,"column":null}},"17":{"start":{"line":64,"column":16},"end":{"line":64,"column":null}},"18":{"start":{"line":66,"column":16},"end":{"line":66,"column":null}},"19":{"start":{"line":70,"column":43},"end":{"line":70,"column":null}},"20":{"start":{"line":71,"column":12},"end":{"line":71,"column":null}},"21":{"start":{"line":73,"column":29},"end":{"line":73,"column":63}},"22":{"start":{"line":75,"column":12},"end":{"line":76,"column":null}},"23":{"start":{"line":76,"column":16},"end":{"line":76,"column":null}},"24":{"start":{"line":79,"column":29},"end":{"line":79,"column":null}},"25":{"start":{"line":80,"column":32},"end":{"line":80,"column":null}},"26":{"start":{"line":90,"column":32},"end":{"line":90,"column":68}},"27":{"start":{"line":91,"column":12},"end":{"line":96,"column":null}},"28":{"start":{"line":92,"column":16},"end":{"line":92,"column":null}},"29":{"start":{"line":95,"column":16},"end":{"line":95,"column":null}},"30":{"start":{"line":96,"column":16},"end":{"line":96,"column":null}},"31":{"start":{"line":102,"column":31},"end":{"line":102,"column":66}},"32":{"start":{"line":103,"column":65},"end":{"line":103,"column":67}},"33":{"start":{"line":104,"column":12},"end":{"line":105,"column":null}},"34":{"start":{"line":105,"column":16},"end":{"line":105,"column":null}},"35":{"start":{"line":108,"column":31},"end":{"line":108,"column":null}},"36":{"start":{"line":110,"column":35},"end":{"line":110,"column":120}},"37":{"start":{"line":112,"column":50},"end":{"line":120,"column":null}},"38":{"start":{"line":126,"column":34},"end":{"line":126,"column":null}},"39":{"start":{"line":127,"column":33},"end":{"line":136,"column":null}},"40":{"start":{"line":139,"column":33},"end":{"line":147,"column":null}},"41":{"start":{"line":149,"column":12},"end":{"line":149,"column":null}},"42":{"start":{"line":151,"column":12},"end":{"line":151,"column":null}},"43":{"start":{"line":156,"column":58},"end":{"line":156,"column":null}},"44":{"start":{"line":158,"column":8},"end":{"line":283,"column":null}},"45":{"start":{"line":160,"column":32},"end":{"line":160,"column":null}},"46":{"start":{"line":161,"column":30},"end":{"line":161,"column":null}},"47":{"start":{"line":163,"column":12},"end":{"line":283,"column":null}},"48":{"start":{"line":165,"column":16},"end":{"line":165,"column":null}},"49":{"start":{"line":165,"column":129},"end":{"line":165,"column":null}},"50":{"start":{"line":166,"column":16},"end":{"line":166,"column":null}},"51":{"start":{"line":166,"column":129},"end":{"line":166,"column":null}},"52":{"start":{"line":167,"column":16},"end":{"line":167,"column":null}},"53":{"start":{"line":167,"column":123},"end":{"line":167,"column":null}},"54":{"start":{"line":172,"column":31},"end":{"line":176,"column":null}},"55":{"start":{"line":178,"column":30},"end":{"line":189,"column":null}},"56":{"start":{"line":195,"column":16},"end":{"line":196,"column":null}},"57":{"start":{"line":196,"column":20},"end":{"line":196,"column":null}},"58":{"start":{"line":199,"column":30},"end":{"line":209,"column":null}},"59":{"start":{"line":211,"column":41},"end":{"line":211,"column":116}},"60":{"start":{"line":214,"column":33},"end":{"line":214,"column":null}},"61":{"start":{"line":215,"column":39},"end":{"line":215,"column":null}},"62":{"start":{"line":217,"column":16},"end":{"line":218,"column":null}},"63":{"start":{"line":217,"column":65},"end":{"line":217,"column":115}},"64":{"start":{"line":218,"column":20},"end":{"line":218,"column":null}},"65":{"start":{"line":221,"column":36},"end":{"line":221,"column":65}},"66":{"start":{"line":222,"column":16},"end":{"line":223,"column":null}},"67":{"start":{"line":223,"column":20},"end":{"line":223,"column":null}},"68":{"start":{"line":227,"column":16},"end":{"line":227,"column":null}},"69":{"start":{"line":228,"column":33},"end":{"line":228,"column":78}},"70":{"start":{"line":229,"column":16},"end":{"line":230,"column":null}},"71":{"start":{"line":230,"column":20},"end":{"line":230,"column":null}},"72":{"start":{"line":232,"column":16},"end":{"line":232,"column":null}},"73":{"start":{"line":234,"column":37},"end":{"line":234,"column":null}},"74":{"start":{"line":237,"column":16},"end":{"line":241,"column":null}},"75":{"start":{"line":238,"column":51},"end":{"line":238,"column":null}},"76":{"start":{"line":239,"column":20},"end":{"line":241,"column":null}},"77":{"start":{"line":240,"column":24},"end":{"line":240,"column":null}},"78":{"start":{"line":241,"column":24},"end":{"line":241,"column":null}},"79":{"start":{"line":246,"column":37},"end":{"line":246,"column":null}},"80":{"start":{"line":247,"column":16},"end":{"line":248,"column":null}},"81":{"start":{"line":248,"column":20},"end":{"line":248,"column":null}},"82":{"start":{"line":250,"column":39},"end":{"line":250,"column":63}},"83":{"start":{"line":252,"column":16},"end":{"line":272,"column":null}},"84":{"start":{"line":253,"column":44},"end":{"line":253,"column":null}},"85":{"start":{"line":258,"column":20},"end":{"line":260,"column":null}},"86":{"start":{"line":259,"column":24},"end":{"line":259,"column":null}},"87":{"start":{"line":260,"column":24},"end":{"line":260,"column":null}},"88":{"start":{"line":264,"column":20},"end":{"line":264,"column":null}},"89":{"start":{"line":266,"column":43},"end":{"line":266,"column":null}},"90":{"start":{"line":267,"column":20},"end":{"line":268,"column":null}},"91":{"start":{"line":268,"column":24},"end":{"line":268,"column":null}},"92":{"start":{"line":270,"column":20},"end":{"line":272,"column":null}},"93":{"start":{"line":271,"column":24},"end":{"line":271,"column":null}},"94":{"start":{"line":272,"column":24},"end":{"line":272,"column":null}},"95":{"start":{"line":276,"column":16},"end":{"line":276,"column":null}},"96":{"start":{"line":279,"column":16},"end":{"line":279,"column":null}},"97":{"start":{"line":280,"column":16},"end":{"line":281,"column":null}},"98":{"start":{"line":281,"column":20},"end":{"line":281,"column":null}},"99":{"start":{"line":283,"column":16},"end":{"line":283,"column":null}},"100":{"start":{"line":287,"column":8},"end":{"line":287,"column":null}}},"fnMap":{"0":{"name":"(anonymous_0)","decl":{"start":{"line":24,"column":4},"end":{"line":24,"column":16}},"loc":{"start":{"line":24,"column":86},"end":{"line":31,"column":null}},"line":24},"1":{"name":"(anonymous_1)","decl":{"start":{"line":28,"column":31},"end":{"line":28,"column":39}},"loc":{"start":{"line":28,"column":44},"end":{"line":28,"column":71}},"line":28},"2":{"name":"(anonymous_2)","decl":{"start":{"line":42,"column":4},"end":{"line":42,"column":12}},"loc":{"start":{"line":42,"column":62},"end":{"line":43,"column":null}},"line":42},"3":{"name":"(anonymous_3)","decl":{"start":{"line":46,"column":17},"end":{"line":46,"column":25}},"loc":{"start":{"line":46,"column":90},"end":{"line":152,"column":null}},"line":46},"4":{"name":"(anonymous_4)","decl":{"start":{"line":47,"column":36},"end":{"line":47,"column":48}},"loc":{"start":{"line":47,"column":48},"end":{"line":152,"column":null}},"line":47},"5":{"name":"(anonymous_5)","decl":{"start":{"line":155,"column":18},"end":{"line":155,"column":33}},"loc":{"start":{"line":155,"column":92},"end":{"line":287,"column":null}},"line":155},"6":{"name":"(anonymous_6)","decl":{"start":{"line":217,"column":55},"end":{"line":217,"column":60}},"loc":{"start":{"line":217,"column":65},"end":{"line":217,"column":115}},"line":217}},"branchMap":{"0":{"loc":{"start":{"line":24,"column":37},"end":{"line":24,"column":84}},"type":"default-arg","locations":[{"start":{"line":24,"column":82},"end":{"line":24,"column":84}}],"line":24},"1":{"loc":{"start":{"line":27,"column":52},"end":{"line":27,"column":74}},"type":"binary-expr","locations":[{"start":{"line":27,"column":52},"end":{"line":27,"column":72}},{"start":{"line":27,"column":72},"end":{"line":27,"column":74}}],"line":27},"2":{"loc":{"start":{"line":51,"column":12},"end":{"line":52,"column":null}},"type":"if","locations":[{"start":{"line":51,"column":12},"end":{"line":52,"column":null}},{"start":{},"end":{}}],"line":51},"3":{"loc":{"start":{"line":55,"column":12},"end":{"line":56,"column":null}},"type":"if","locations":[{"start":{"line":55,"column":12},"end":{"line":56,"column":null}},{"start":{},"end":{}}],"line":55},"4":{"loc":{"start":{"line":55,"column":16},"end":{"line":55,"column":162}},"type":"binary-expr","locations":[{"start":{"line":55,"column":16},"end":{"line":55,"column":76}},{"start":{"line":55,"column":76},"end":{"line":55,"column":119}},{"start":{"line":55,"column":119},"end":{"line":55,"column":162}}],"line":55},"5":{"loc":{"start":{"line":70,"column":43},"end":{"line":70,"column":null}},"type":"cond-expr","locations":[{"start":{"line":70,"column":88},"end":{"line":70,"column":113}},{"start":{"line":70,"column":113},"end":{"line":70,"column":null}}],"line":70},"6":{"loc":{"start":{"line":75,"column":12},"end":{"line":76,"column":null}},"type":"if","locations":[{"start":{"line":75,"column":12},"end":{"line":76,"column":null}},{"start":{},"end":{}}],"line":75},"7":{"loc":{"start":{"line":158,"column":8},"end":{"line":283,"column":null}},"type":"if","locations":[{"start":{"line":158,"column":8},"end":{"line":283,"column":null}},{"start":{},"end":{}}],"line":158},"8":{"loc":{"start":{"line":165,"column":16},"end":{"line":165,"column":null}},"type":"if","locations":[{"start":{"line":165,"column":16},"end":{"line":165,"column":null}},{"start":{},"end":{}}],"line":165},"9":{"loc":{"start":{"line":165,"column":20},"end":{"line":165,"column":129}},"type":"binary-expr","locations":[{"start":{"line":165,"column":20},"end":{"line":165,"column":79}},{"start":{"line":165,"column":79},"end":{"line":165,"column":129}}],"line":165},"10":{"loc":{"start":{"line":166,"column":16},"end":{"line":166,"column":null}},"type":"if","locations":[{"start":{"line":166,"column":16},"end":{"line":166,"column":null}},{"start":{},"end":{}}],"line":166},"11":{"loc":{"start":{"line":166,"column":20},"end":{"line":166,"column":129}},"type":"binary-expr","locations":[{"start":{"line":166,"column":20},"end":{"line":166,"column":79}},{"start":{"line":166,"column":79},"end":{"line":166,"column":129}}],"line":166},"12":{"loc":{"start":{"line":167,"column":16},"end":{"line":167,"column":null}},"type":"if","locations":[{"start":{"line":167,"column":16},"end":{"line":167,"column":null}},{"start":{},"end":{}}],"line":167},"13":{"loc":{"start":{"line":167,"column":20},"end":{"line":167,"column":123}},"type":"binary-expr","locations":[{"start":{"line":167,"column":20},"end":{"line":167,"column":76}},{"start":{"line":167,"column":76},"end":{"line":167,"column":123}}],"line":167},"14":{"loc":{"start":{"line":195,"column":16},"end":{"line":196,"column":null}},"type":"if","locations":[{"start":{"line":195,"column":16},"end":{"line":196,"column":null}},{"start":{},"end":{}}],"line":195},"15":{"loc":{"start":{"line":206,"column":43},"end":{"line":206,"column":null}},"type":"binary-expr","locations":[{"start":{"line":206,"column":43},"end":{"line":206,"column":95}},{"start":{"line":206,"column":95},"end":{"line":206,"column":null}}],"line":206},"16":{"loc":{"start":{"line":217,"column":16},"end":{"line":218,"column":null}},"type":"if","locations":[{"start":{"line":217,"column":16},"end":{"line":218,"column":null}},{"start":{},"end":{}}],"line":217},"17":{"loc":{"start":{"line":217,"column":20},"end":{"line":217,"column":116}},"type":"binary-expr","locations":[{"start":{"line":217,"column":20},"end":{"line":217,"column":39}},{"start":{"line":217,"column":39},"end":{"line":217,"column":116}}],"line":217},"18":{"loc":{"start":{"line":222,"column":16},"end":{"line":223,"column":null}},"type":"if","locations":[{"start":{"line":222,"column":16},"end":{"line":223,"column":null}},{"start":{},"end":{}}],"line":222},"19":{"loc":{"start":{"line":229,"column":16},"end":{"line":230,"column":null}},"type":"if","locations":[{"start":{"line":229,"column":16},"end":{"line":230,"column":null}},{"start":{},"end":{}}],"line":229},"20":{"loc":{"start":{"line":237,"column":16},"end":{"line":241,"column":null}},"type":"if","locations":[{"start":{"line":237,"column":16},"end":{"line":241,"column":null}},{"start":{},"end":{}}],"line":237},"21":{"loc":{"start":{"line":239,"column":20},"end":{"line":241,"column":null}},"type":"if","locations":[{"start":{"line":239,"column":20},"end":{"line":241,"column":null}},{"start":{},"end":{}}],"line":239},"22":{"loc":{"start":{"line":246,"column":37},"end":{"line":246,"column":null}},"type":"binary-expr","locations":[{"start":{"line":246,"column":37},"end":{"line":246,"column":75}},{"start":{"line":246,"column":75},"end":{"line":246,"column":null}}],"line":246},"23":{"loc":{"start":{"line":247,"column":16},"end":{"line":248,"column":null}},"type":"if","locations":[{"start":{"line":247,"column":16},"end":{"line":248,"column":null}},{"start":{},"end":{}}],"line":247},"24":{"loc":{"start":{"line":252,"column":16},"end":{"line":272,"column":null}},"type":"if","locations":[{"start":{"line":252,"column":16},"end":{"line":272,"column":null}},{"start":{},"end":{}}],"line":252},"25":{"loc":{"start":{"line":252,"column":20},"end":{"line":252,"column":104}},"type":"binary-expr","locations":[{"start":{"line":252,"column":20},"end":{"line":252,"column":64}},{"start":{"line":252,"column":64},"end":{"line":252,"column":104}}],"line":252},"26":{"loc":{"start":{"line":258,"column":20},"end":{"line":260,"column":null}},"type":"if","locations":[{"start":{"line":258,"column":20},"end":{"line":260,"column":null}},{"start":{},"end":{}}],"line":258},"27":{"loc":{"start":{"line":267,"column":20},"end":{"line":268,"column":null}},"type":"if","locations":[{"start":{"line":267,"column":20},"end":{"line":268,"column":null}},{"start":{},"end":{}}],"line":267},"28":{"loc":{"start":{"line":267,"column":24},"end":{"line":267,"column":94}},"type":"binary-expr","locations":[{"start":{"line":267,"column":24},"end":{"line":267,"column":62}},{"start":{"line":267,"column":62},"end":{"line":267,"column":94}}],"line":267},"29":{"loc":{"start":{"line":270,"column":20},"end":{"line":272,"column":null}},"type":"if","locations":[{"start":{"line":270,"column":20},"end":{"line":272,"column":null}},{"start":{},"end":{}}],"line":270},"30":{"loc":{"start":{"line":280,"column":16},"end":{"line":281,"column":null}},"type":"if","locations":[{"start":{"line":280,"column":16},"end":{"line":281,"column":null}},{"start":{},"end":{}}],"line":280}},"s":{"0":1,"1":1,"2":1,"3":8,"4":8,"5":8,"6":8,"7":8,"8":8,"9":8,"10":5,"11":8,"12":8,"13":1,"14":7,"15":1,"16":6,"17":6,"18":3,"19":3,"20":8,"21":8,"22":3,"23":1,"24":2,"25":2,"26":2,"27":2,"28":2,"29":0,"30":0,"31":2,"32":2,"33":2,"34":7,"35":2,"36":2,"37":2,"38":2,"39":2,"40":2,"41":2,"42":2,"43":3,"44":3,"45":3,"46":3,"47":3,"48":3,"49":0,"50":3,"51":0,"52":3,"53":0,"54":3,"55":3,"56":3,"57":0,"58":3,"59":3,"60":3,"61":3,"62":3,"63":3,"64":0,"65":3,"66":3,"67":0,"68":3,"69":3,"70":3,"71":0,"72":3,"73":3,"74":3,"75":3,"76":3,"77":0,"78":0,"79":3,"80":3,"81":1,"82":2,"83":2,"84":2,"85":2,"86":0,"87":0,"88":2,"89":2,"90":2,"91":0,"92":2,"93":0,"94":0,"95":2,"96":1,"97":1,"98":1,"99":1,"100":0},"f":{"0":8,"1":8,"2":5,"3":8,"4":8,"5":3,"6":3},"b":{"0":[8],"1":[8,0],"2":[1,7],"3":[1,6],"4":[7,7,7],"5":[3,0],"6":[1,2],"7":[3,0],"8":[0,3],"9":[3,3],"10":[0,3],"11":[3,3],"12":[0,3],"13":[3,3],"14":[0,3],"15":[3,0],"16":[0,3],"17":[3,3],"18":[0,3],"19":[0,3],"20":[3,0],"21":[0,3],"22":[3,0],"23":[1,2],"24":[2,0],"25":[2,2],"26":[0,2],"27":[0,2],"28":[2,2],"29":[0,2],"30":[1,0]},"meta":{"lastBranch":31,"lastFunction":7,"lastStatement":101,"seen":{"s:10:23:10:Infinity":0,"s:11:26:11:Infinity":1,"s:12:29:12:Infinity":2,"s:16:12:16:109":3,"f:24:4:24:16":0,"b:24:82:24:84":0,"s:25:8:25:Infinity":4,"s:27:26:27:76":5,"b:27:52:27:72:27:72:27:74":1,"s:28:8:28:Infinity":6,"f:28:31:28:39":1,"s:28:44:28:71":7,"s:29:8:29:Infinity":8,"s:31:8:31:Infinity":9,"f:42:4:42:12":2,"s:43:8:43:Infinity":10,"f:46:17:46:25":3,"s:47:8:152:Infinity":11,"f:47:36:47:48":4,"b:51:12:52:Infinity:undefined:undefined:undefined:undefined":2,"s:51:12:52:Infinity":12,"s:52:16:52:Infinity":13,"b:55:12:56:Infinity:undefined:undefined:undefined:undefined":3,"s:55:12:56:Infinity":14,"b:55:16:55:76:55:76:55:119:55:119:55:162":4,"s:56:16:56:Infinity":15,"s:63:12:66:Infinity":16,"s:64:16:64:Infinity":17,"s:66:16:66:Infinity":18,"s:70:43:70:Infinity":19,"b:70:88:70:113:70:113:70:Infinity":5,"s:71:12:71:Infinity":20,"s:73:29:73:63":21,"b:75:12:76:Infinity:undefined:undefined:undefined:undefined":6,"s:75:12:76:Infinity":22,"s:76:16:76:Infinity":23,"s:79:29:79:Infinity":24,"s:80:32:80:Infinity":25,"s:90:32:90:68":26,"s:91:12:96:Infinity":27,"s:92:16:92:Infinity":28,"s:95:16:95:Infinity":29,"s:96:16:96:Infinity":30,"s:102:31:102:66":31,"s:103:65:103:67":32,"s:104:12:105:Infinity":33,"s:105:16:105:Infinity":34,"s:108:31:108:Infinity":35,"s:110:35:110:120":36,"s:112:50:120:Infinity":37,"s:126:34:126:Infinity":38,"s:127:33:136:Infinity":39,"s:139:33:147:Infinity":40,"s:149:12:149:Infinity":41,"s:151:12:151:Infinity":42,"f:155:18:155:33":5,"s:156:58:156:Infinity":43,"b:158:8:283:Infinity:undefined:undefined:undefined:undefined":7,"s:158:8:283:Infinity":44,"s:160:32:160:Infinity":45,"s:161:30:161:Infinity":46,"s:163:12:283:Infinity":47,"b:165:16:165:Infinity:undefined:undefined:undefined:undefined":8,"s:165:16:165:Infinity":48,"b:165:20:165:79:165:79:165:129":9,"s:165:129:165:Infinity":49,"b:166:16:166:Infinity:undefined:undefined:undefined:undefined":10,"s:166:16:166:Infinity":50,"b:166:20:166:79:166:79:166:129":11,"s:166:129:166:Infinity":51,"b:167:16:167:Infinity:undefined:undefined:undefined:undefined":12,"s:167:16:167:Infinity":52,"b:167:20:167:76:167:76:167:123":13,"s:167:123:167:Infinity":53,"s:172:31:176:Infinity":54,"s:178:30:189:Infinity":55,"b:195:16:196:Infinity:undefined:undefined:undefined:undefined":14,"s:195:16:196:Infinity":56,"s:196:20:196:Infinity":57,"s:199:30:209:Infinity":58,"b:206:43:206:95:206:95:206:Infinity":15,"s:211:41:211:116":59,"s:214:33:214:Infinity":60,"s:215:39:215:Infinity":61,"b:217:16:218:Infinity:undefined:undefined:undefined:undefined":16,"s:217:16:218:Infinity":62,"b:217:20:217:39:217:39:217:116":17,"f:217:55:217:60":6,"s:217:65:217:115":63,"s:218:20:218:Infinity":64,"s:221:36:221:65":65,"b:222:16:223:Infinity:undefined:undefined:undefined:undefined":18,"s:222:16:223:Infinity":66,"s:223:20:223:Infinity":67,"s:227:16:227:Infinity":68,"s:228:33:228:78":69,"b:229:16:230:Infinity:undefined:undefined:undefined:undefined":19,"s:229:16:230:Infinity":70,"s:230:20:230:Infinity":71,"s:232:16:232:Infinity":72,"s:234:37:234:Infinity":73,"b:237:16:241:Infinity:undefined:undefined:undefined:undefined":20,"s:237:16:241:Infinity":74,"s:238:51:238:Infinity":75,"b:239:20:241:Infinity:undefined:undefined:undefined:undefined":21,"s:239:20:241:Infinity":76,"s:240:24:240:Infinity":77,"s:241:24:241:Infinity":78,"s:246:37:246:Infinity":79,"b:246:37:246:75:246:75:246:Infinity":22,"b:247:16:248:Infinity:undefined:undefined:undefined:undefined":23,"s:247:16:248:Infinity":80,"s:248:20:248:Infinity":81,"s:250:39:250:63":82,"b:252:16:272:Infinity:undefined:undefined:undefined:undefined":24,"s:252:16:272:Infinity":83,"b:252:20:252:64:252:64:252:104":25,"s:253:44:253:Infinity":84,"b:258:20:260:Infinity:undefined:undefined:undefined:undefined":26,"s:258:20:260:Infinity":85,"s:259:24:259:Infinity":86,"s:260:24:260:Infinity":87,"s:264:20:264:Infinity":88,"s:266:43:266:Infinity":89,"b:267:20:268:Infinity:undefined:undefined:undefined:undefined":27,"s:267:20:268:Infinity":90,"b:267:24:267:62:267:62:267:94":28,"s:268:24:268:Infinity":91,"b:270:20:272:Infinity:undefined:undefined:undefined:undefined":29,"s:270:20:272:Infinity":92,"s:271:24:271:Infinity":93,"s:272:24:272:Infinity":94,"s:276:16:276:Infinity":95,"s:279:16:279:Infinity":96,"b:280:16:281:Infinity:undefined:undefined:undefined:undefined":30,"s:280:16:281:Infinity":97,"s:281:20:281:Infinity":98,"s:283:16:283:Infinity":99,"s:287:8:287:Infinity":100}}}
,"/Users/user1000/gitprojects/aegis12-gateway/src/infrastructure/AegisSigner.ts": {"path":"/Users/user1000/gitprojects/aegis12-gateway/src/infrastructure/AegisSigner.ts","statementMap":{"0":{"start":{"line":4,"column":4},"end":{"line":4,"column":null}},"1":{"start":{"line":8,"column":4},"end":{"line":8,"column":null}},"2":{"start":{"line":17,"column":8},"end":{"line":24,"column":null}},"3":{"start":{"line":18,"column":12},"end":{"line":18,"column":null}},"4":{"start":{"line":19,"column":28},"end":{"line":19,"column":76}},"5":{"start":{"line":20,"column":12},"end":{"line":20,"column":null}},"6":{"start":{"line":22,"column":28},"end":{"line":22,"column":47}},"7":{"start":{"line":23,"column":12},"end":{"line":23,"column":null}},"8":{"start":{"line":24,"column":12},"end":{"line":24,"column":null}},"9":{"start":{"line":26,"column":8},"end":{"line":26,"column":null}},"10":{"start":{"line":30,"column":8},"end":{"line":30,"column":null}},"11":{"start":{"line":34,"column":29},"end":{"line":34,"column":62}},"12":{"start":{"line":35,"column":28},"end":{"line":35,"column":77}},"13":{"start":{"line":36,"column":8},"end":{"line":36,"column":null}},"14":{"start":{"line":40,"column":27},"end":{"line":40,"column":44}},"15":{"start":{"line":41,"column":23},"end":{"line":41,"column":80}},"16":{"start":{"line":42,"column":28},"end":{"line":42,"column":64}},"17":{"start":{"line":43,"column":28},"end":{"line":43,"column":76}},"18":{"start":{"line":44,"column":8},"end":{"line":44,"column":null}},"19":{"start":{"line":48,"column":28},"end":{"line":48,"column":54}},"20":{"start":{"line":49,"column":8},"end":{"line":49,"column":null}},"21":{"start":{"line":53,"column":29},"end":{"line":53,"column":62}},"22":{"start":{"line":54,"column":31},"end":{"line":54,"column":55}},"23":{"start":{"line":55,"column":31},"end":{"line":55,"column":55}},"24":{"start":{"line":56,"column":8},"end":{"line":56,"column":null}}},"fnMap":{"0":{"name":"hexToBytes","decl":{"start":{"line":3,"column":9},"end":{"line":3,"column":20}},"loc":{"start":{"line":3,"column":45},"end":{"line":4,"column":null}},"line":3},"1":{"name":"bytesToHex","decl":{"start":{"line":7,"column":9},"end":{"line":7,"column":20}},"loc":{"start":{"line":7,"column":47},"end":{"line":8,"column":null}},"line":7},"2":{"name":"(anonymous_2)","decl":{"start":{"line":16,"column":4},"end":{"line":16,"column":16}},"loc":{"start":{"line":16,"column":61},"end":{"line":26,"column":null}},"line":16},"3":{"name":"(anonymous_3)","decl":{"start":{"line":29,"column":4},"end":{"line":29,"column":11}},"loc":{"start":{"line":29,"column":37},"end":{"line":30,"column":null}},"line":29},"4":{"name":"(anonymous_4)","decl":{"start":{"line":33,"column":4},"end":{"line":33,"column":11}},"loc":{"start":{"line":33,"column":41},"end":{"line":36,"column":null}},"line":33},"5":{"name":"(anonymous_5)","decl":{"start":{"line":39,"column":4},"end":{"line":39,"column":11}},"loc":{"start":{"line":39,"column":83},"end":{"line":44,"column":null}},"line":39},"6":{"name":"(anonymous_6)","decl":{"start":{"line":47,"column":4},"end":{"line":47,"column":11}},"loc":{"start":{"line":47,"column":59},"end":{"line":49,"column":null}},"line":47},"7":{"name":"(anonymous_7)","decl":{"start":{"line":52,"column":4},"end":{"line":52,"column":11}},"loc":{"start":{"line":52,"column":88},"end":{"line":56,"column":null}},"line":52}},"branchMap":{"0":{"loc":{"start":{"line":17,"column":8},"end":{"line":24,"column":null}},"type":"if","locations":[{"start":{"line":17,"column":8},"end":{"line":24,"column":null}},{"start":{"line":21,"column":15},"end":{"line":24,"column":null}}],"line":17},"1":{"loc":{"start":{"line":26,"column":26},"end":{"line":26,"column":null}},"type":"binary-expr","locations":[{"start":{"line":26,"column":26},"end":{"line":26,"column":40}},{"start":{"line":26,"column":40},"end":{"line":26,"column":null}}],"line":26}},"s":{"0":8,"1":27,"2":13,"3":1,"4":1,"5":1,"6":12,"7":12,"8":12,"9":13,"10":6,"11":7,"12":7,"13":7,"14":1,"15":1,"16":1,"17":1,"18":1,"19":1,"20":1,"21":3,"22":3,"23":3,"24":3},"f":{"0":8,"1":27,"2":13,"3":6,"4":7,"5":1,"6":1,"7":3},"b":{"0":[1,12],"1":[13,13]},"meta":{"lastBranch":2,"lastFunction":8,"lastStatement":25,"seen":{"f:3:9:3:20":0,"s:4:4:4:Infinity":0,"f:7:9:7:20":1,"s:8:4:8:Infinity":1,"f:16:4:16:16":2,"b:17:8:24:Infinity:21:15:24:Infinity":0,"s:17:8:24:Infinity":2,"s:18:12:18:Infinity":3,"s:19:28:19:76":4,"s:20:12:20:Infinity":5,"s:22:28:22:47":6,"s:23:12:23:Infinity":7,"s:24:12:24:Infinity":8,"s:26:8:26:Infinity":9,"b:26:26:26:40:26:40:26:Infinity":1,"f:29:4:29:11":3,"s:30:8:30:Infinity":10,"f:33:4:33:11":4,"s:34:29:34:62":11,"s:35:28:35:77":12,"s:36:8:36:Infinity":13,"f:39:4:39:11":5,"s:40:27:40:44":14,"s:41:23:41:80":15,"s:42:28:42:64":16,"s:43:28:43:76":17,"s:44:8:44:Infinity":18,"f:47:4:47:11":6,"s:48:28:48:54":19,"s:49:8:49:Infinity":20,"f:52:4:52:11":7,"s:53:29:53:62":21,"s:54:31:54:55":22,"s:55:31:55:55":23,"s:56:8:56:Infinity":24}}}
,"/Users/user1000/gitprojects/aegis12-gateway/src/infrastructure/CircuitBreaker.ts": {"path":"/Users/user1000/gitprojects/aegis12-gateway/src/infrastructure/CircuitBreaker.ts","statementMap":{"0":{"start":{"line":29,"column":45},"end":{"line":33,"column":null}},"1":{"start":{"line":36,"column":34},"end":{"line":36,"column":null}},"2":{"start":{"line":37,"column":23},"end":{"line":37,"column":null}},"3":{"start":{"line":38,"column":45},"end":{"line":38,"column":null}},"4":{"start":{"line":39,"column":45},"end":{"line":39,"column":null}},"5":{"start":{"line":43,"column":8},"end":{"line":43,"column":null}},"6":{"start":{"line":48,"column":8},"end":{"line":51,"column":null}},"7":{"start":{"line":49,"column":28},"end":{"line":49,"column":null}},"8":{"start":{"line":50,"column":12},"end":{"line":51,"column":null}},"9":{"start":{"line":51,"column":16},"end":{"line":51,"column":null}},"10":{"start":{"line":55,"column":8},"end":{"line":61,"column":null}},"11":{"start":{"line":65,"column":23},"end":{"line":65,"column":39}},"12":{"start":{"line":66,"column":8},"end":{"line":66,"column":null}},"13":{"start":{"line":70,"column":8},"end":{"line":70,"column":null}},"14":{"start":{"line":71,"column":8},"end":{"line":71,"column":null}},"15":{"start":{"line":72,"column":8},"end":{"line":72,"column":null}},"16":{"start":{"line":76,"column":8},"end":{"line":76,"column":null}},"17":{"start":{"line":77,"column":8},"end":{"line":77,"column":null}},"18":{"start":{"line":79,"column":8},"end":{"line":80,"column":null}},"19":{"start":{"line":80,"column":12},"end":{"line":80,"column":null}},"20":{"start":{"line":85,"column":8},"end":{"line":85,"column":null}},"21":{"start":{"line":86,"column":8},"end":{"line":86,"column":null}},"22":{"start":{"line":87,"column":8},"end":{"line":87,"column":null}},"23":{"start":{"line":91,"column":8},"end":{"line":95,"column":null}},"24":{"start":{"line":92,"column":12},"end":{"line":95,"column":null}},"25":{"start":{"line":98,"column":8},"end":{"line":104,"column":null}},"26":{"start":{"line":99,"column":27},"end":{"line":99,"column":37}},"27":{"start":{"line":100,"column":12},"end":{"line":100,"column":null}},"28":{"start":{"line":101,"column":12},"end":{"line":101,"column":null}},"29":{"start":{"line":103,"column":12},"end":{"line":103,"column":null}},"30":{"start":{"line":104,"column":12},"end":{"line":104,"column":null}},"31":{"start":{"line":110,"column":17},"end":{"line":110,"column":50}},"32":{"start":{"line":113,"column":4},"end":{"line":114,"column":null}},"33":{"start":{"line":114,"column":8},"end":{"line":114,"column":null}},"34":{"start":{"line":116,"column":4},"end":{"line":116,"column":null}},"35":{"start":{"line":120,"column":4},"end":{"line":120,"column":null}},"36":{"start":{"line":120,"column":50},"end":{"line":120,"column":63}}},"fnMap":{"0":{"name":"(anonymous_0)","decl":{"start":{"line":42,"column":4},"end":{"line":42,"column":16}},"loc":{"start":{"line":42,"column":74},"end":{"line":43,"column":null}},"line":42},"1":{"name":"(anonymous_1)","decl":{"start":{"line":46,"column":4},"end":{"line":46,"column":38}},"loc":{"start":{"line":46,"column":38},"end":{"line":61,"column":null}},"line":46},"2":{"name":"(anonymous_2)","decl":{"start":{"line":64,"column":4},"end":{"line":64,"column":26}},"loc":{"start":{"line":64,"column":26},"end":{"line":66,"column":null}},"line":64},"3":{"name":"(anonymous_3)","decl":{"start":{"line":69,"column":4},"end":{"line":69,"column":26}},"loc":{"start":{"line":69,"column":26},"end":{"line":72,"column":null}},"line":69},"4":{"name":"(anonymous_4)","decl":{"start":{"line":75,"column":4},"end":{"line":75,"column":26}},"loc":{"start":{"line":75,"column":26},"end":{"line":80,"column":null}},"line":75},"5":{"name":"(anonymous_5)","decl":{"start":{"line":84,"column":4},"end":{"line":84,"column":18}},"loc":{"start":{"line":84,"column":18},"end":{"line":87,"column":null}},"line":84},"6":{"name":"(anonymous_6)","decl":{"start":{"line":90,"column":10},"end":{"line":90,"column":21}},"loc":{"start":{"line":90,"column":55},"end":{"line":104,"column":null}},"line":90},"7":{"name":"getCircuitBreaker","decl":{"start":{"line":112,"column":16},"end":{"line":112,"column":34}},"loc":{"start":{"line":112,"column":104},"end":{"line":116,"column":null}},"line":112},"8":{"name":"getAllCircuitBreakerStatuses","decl":{"start":{"line":119,"column":16},"end":{"line":119,"column":71}},"loc":{"start":{"line":119,"column":71},"end":{"line":120,"column":null}},"line":119},"9":{"name":"(anonymous_9)","decl":{"start":{"line":120,"column":41},"end":{"line":120,"column":45}},"loc":{"start":{"line":120,"column":50},"end":{"line":120,"column":63}},"line":120}},"branchMap":{"0":{"loc":{"start":{"line":48,"column":8},"end":{"line":51,"column":null}},"type":"if","locations":[{"start":{"line":48,"column":8},"end":{"line":51,"column":null}},{"start":{},"end":{}}],"line":48},"1":{"loc":{"start":{"line":48,"column":12},"end":{"line":48,"column":59}},"type":"binary-expr","locations":[{"start":{"line":48,"column":12},"end":{"line":48,"column":37}},{"start":{"line":48,"column":37},"end":{"line":48,"column":59}}],"line":48},"2":{"loc":{"start":{"line":50,"column":12},"end":{"line":51,"column":null}},"type":"if","locations":[{"start":{"line":50,"column":12},"end":{"line":51,"column":null}},{"start":{},"end":{}}],"line":50},"3":{"loc":{"start":{"line":79,"column":8},"end":{"line":80,"column":null}},"type":"if","locations":[{"start":{"line":79,"column":8},"end":{"line":80,"column":null}},{"start":{},"end":{}}],"line":79},"4":{"loc":{"start":{"line":91,"column":8},"end":{"line":95,"column":null}},"type":"if","locations":[{"start":{"line":91,"column":8},"end":{"line":95,"column":null}},{"start":{},"end":{}}],"line":91},"5":{"loc":{"start":{"line":94,"column":87},"end":{"line":94,"column":115}},"type":"binary-expr","locations":[{"start":{"line":94,"column":87},"end":{"line":94,"column":111}},{"start":{"line":94,"column":111},"end":{"line":94,"column":115}}],"line":94},"6":{"loc":{"start":{"line":113,"column":4},"end":{"line":114,"column":null}},"type":"if","locations":[{"start":{"line":113,"column":4},"end":{"line":114,"column":null}},{"start":{},"end":{}}],"line":113}},"s":{"0":2,"1":6,"2":6,"3":6,"4":6,"5":6,"6":25,"7":5,"8":5,"9":1,"10":25,"11":15,"12":15,"13":4,"14":4,"15":4,"16":10,"17":10,"18":10,"19":3,"20":0,"21":0,"22":0,"23":15,"24":1,"25":14,"26":14,"27":4,"28":4,"29":10,"30":10,"31":2,"32":8,"33":1,"34":8,"35":0,"36":0},"f":{"0":6,"1":25,"2":15,"3":4,"4":10,"5":0,"6":15,"7":8,"8":0,"9":0},"b":{"0":[5,20],"1":[25,5],"2":[1,4],"3":[3,7],"4":[1,14],"5":[1,0],"6":[1,7]},"meta":{"lastBranch":7,"lastFunction":10,"lastStatement":37,"seen":{"s:29:45:33:Infinity":0,"s:36:34:36:Infinity":1,"s:37:23:37:Infinity":2,"s:38:45:38:Infinity":3,"s:39:45:39:Infinity":4,"f:42:4:42:16":0,"s:43:8:43:Infinity":5,"f:46:4:46:38":1,"b:48:8:51:Infinity:undefined:undefined:undefined:undefined":0,"s:48:8:51:Infinity":6,"b:48:12:48:37:48:37:48:59":1,"s:49:28:49:Infinity":7,"b:50:12:51:Infinity:undefined:undefined:undefined:undefined":2,"s:50:12:51:Infinity":8,"s:51:16:51:Infinity":9,"s:55:8:61:Infinity":10,"f:64:4:64:26":2,"s:65:23:65:39":11,"s:66:8:66:Infinity":12,"f:69:4:69:26":3,"s:70:8:70:Infinity":13,"s:71:8:71:Infinity":14,"s:72:8:72:Infinity":15,"f:75:4:75:26":4,"s:76:8:76:Infinity":16,"s:77:8:77:Infinity":17,"b:79:8:80:Infinity:undefined:undefined:undefined:undefined":3,"s:79:8:80:Infinity":18,"s:80:12:80:Infinity":19,"f:84:4:84:18":5,"s:85:8:85:Infinity":20,"s:86:8:86:Infinity":21,"s:87:8:87:Infinity":22,"f:90:10:90:21":6,"b:91:8:95:Infinity:undefined:undefined:undefined:undefined":4,"s:91:8:95:Infinity":23,"s:92:12:95:Infinity":24,"b:94:87:94:111:94:111:94:115":5,"s:98:8:104:Infinity":25,"s:99:27:99:37":26,"s:100:12:100:Infinity":27,"s:101:12:101:Infinity":28,"s:103:12:103:Infinity":29,"s:104:12:104:Infinity":30,"s:110:17:110:50":31,"f:112:16:112:34":7,"b:113:4:114:Infinity:undefined:undefined:undefined:undefined":6,"s:113:4:114:Infinity":32,"s:114:8:114:Infinity":33,"s:116:4:116:Infinity":34,"f:119:16:119:71":8,"s:120:4:120:Infinity":35,"f:120:41:120:45":9,"s:120:50:120:63":36}}}
,"/Users/user1000/gitprojects/aegis12-gateway/src/infrastructure/HealthtechPEP.ts": {"path":"/Users/user1000/gitprojects/aegis12-gateway/src/infrastructure/HealthtechPEP.ts","statementMap":{"0":{"start":{"line":9,"column":8},"end":{"line":9,"column":null}},"1":{"start":{"line":10,"column":8},"end":{"line":10,"column":null}},"2":{"start":{"line":14,"column":8},"end":{"line":14,"column":null}},"3":{"start":{"line":17,"column":31},"end":{"line":17,"column":82}},"4":{"start":{"line":18,"column":8},"end":{"line":23,"column":null}},"5":{"start":{"line":19,"column":12},"end":{"line":23,"column":null}},"6":{"start":{"line":27,"column":8},"end":{"line":35,"column":null}},"7":{"start":{"line":28,"column":34},"end":{"line":28,"column":69}},"8":{"start":{"line":29,"column":12},"end":{"line":35,"column":null}},"9":{"start":{"line":30,"column":16},"end":{"line":35,"column":null}},"10":{"start":{"line":31,"column":20},"end":{"line":35,"column":null}},"11":{"start":{"line":41,"column":8},"end":{"line":41,"column":null}},"12":{"start":{"line":45,"column":39},"end":{"line":51,"column":null}},"13":{"start":{"line":53,"column":31},"end":{"line":53,"column":55}},"14":{"start":{"line":54,"column":26},"end":{"line":54,"column":58}},"15":{"start":{"line":56,"column":8},"end":{"line":56,"column":null}},"16":{"start":{"line":58,"column":8},"end":{"line":62,"column":null}},"17":{"start":{"line":66,"column":39},"end":{"line":72,"column":null}},"18":{"start":{"line":74,"column":31},"end":{"line":74,"column":55}},"19":{"start":{"line":75,"column":26},"end":{"line":75,"column":58}},"20":{"start":{"line":77,"column":8},"end":{"line":81,"column":null}}},"fnMap":{"0":{"name":"(anonymous_0)","decl":{"start":{"line":8,"column":4},"end":{"line":8,"column":16}},"loc":{"start":{"line":8,"column":63},"end":{"line":10,"column":null}},"line":8},"1":{"name":"(anonymous_1)","decl":{"start":{"line":13,"column":17},"end":{"line":13,"column":26}},"loc":{"start":{"line":13,"column":83},"end":{"line":41,"column":null}},"line":13},"2":{"name":"(anonymous_2)","decl":{"start":{"line":44,"column":18},"end":{"line":44,"column":33}},"loc":{"start":{"line":44,"column":129},"end":{"line":62,"column":null}},"line":44},"3":{"name":"(anonymous_3)","decl":{"start":{"line":65,"column":18},"end":{"line":65,"column":35}},"loc":{"start":{"line":65,"column":92},"end":{"line":81,"column":null}},"line":65}},"branchMap":{"0":{"loc":{"start":{"line":17,"column":31},"end":{"line":17,"column":82}},"type":"binary-expr","locations":[{"start":{"line":17,"column":31},"end":{"line":17,"column":80}},{"start":{"line":17,"column":80},"end":{"line":17,"column":82}}],"line":17},"1":{"loc":{"start":{"line":18,"column":8},"end":{"line":23,"column":null}},"type":"if","locations":[{"start":{"line":18,"column":8},"end":{"line":23,"column":null}},{"start":{},"end":{}}],"line":18},"2":{"loc":{"start":{"line":27,"column":8},"end":{"line":35,"column":null}},"type":"if","locations":[{"start":{"line":27,"column":8},"end":{"line":35,"column":null}},{"start":{},"end":{}}],"line":27},"3":{"loc":{"start":{"line":30,"column":16},"end":{"line":35,"column":null}},"type":"if","locations":[{"start":{"line":30,"column":16},"end":{"line":35,"column":null}},{"start":{},"end":{}}],"line":30}},"s":{"0":4,"1":4,"2":4,"3":4,"4":4,"5":2,"6":2,"7":1,"8":1,"9":1,"10":1,"11":1,"12":3,"13":3,"14":3,"15":3,"16":3,"17":1,"18":1,"19":1,"20":1},"f":{"0":4,"1":4,"2":3,"3":1},"b":{"0":[4,1],"1":[2,2],"2":[1,1],"3":[1,0]},"meta":{"lastBranch":4,"lastFunction":4,"lastStatement":21,"seen":{"f:8:4:8:16":0,"s:9:8:9:Infinity":0,"s:10:8:10:Infinity":1,"f:13:17:13:26":1,"s:14:8:14:Infinity":2,"s:17:31:17:82":3,"b:17:31:17:80:17:80:17:82":0,"b:18:8:23:Infinity:undefined:undefined:undefined:undefined":1,"s:18:8:23:Infinity":4,"s:19:12:23:Infinity":5,"b:27:8:35:Infinity:undefined:undefined:undefined:undefined":2,"s:27:8:35:Infinity":6,"s:28:34:28:69":7,"s:29:12:35:Infinity":8,"b:30:16:35:Infinity:undefined:undefined:undefined:undefined":3,"s:30:16:35:Infinity":9,"s:31:20:35:Infinity":10,"s:41:8:41:Infinity":11,"f:44:18:44:33":2,"s:45:39:51:Infinity":12,"s:53:31:53:55":13,"s:54:26:54:58":14,"s:56:8:56:Infinity":15,"s:58:8:62:Infinity":16,"f:65:18:65:35":3,"s:66:39:72:Infinity":17,"s:74:31:74:55":18,"s:75:26:75:58":19,"s:77:8:81:Infinity":20}}}
,"/Users/user1000/gitprojects/aegis12-gateway/src/infrastructure/NonceRegistry.ts": {"path":"/Users/user1000/gitprojects/aegis12-gateway/src/infrastructure/NonceRegistry.ts","statementMap":{"0":{"start":{"line":13,"column":8},"end":{"line":13,"column":null}},"1":{"start":{"line":14,"column":8},"end":{"line":14,"column":null}},"2":{"start":{"line":15,"column":8},"end":{"line":15,"column":null}},"3":{"start":{"line":16,"column":8},"end":{"line":16,"column":null}},"4":{"start":{"line":18,"column":8},"end":{"line":24,"column":null}},"5":{"start":{"line":19,"column":12},"end":{"line":24,"column":null}},"6":{"start":{"line":20,"column":31},"end":{"line":20,"column":81}},"7":{"start":{"line":21,"column":16},"end":{"line":22,"column":null}},"8":{"start":{"line":22,"column":20},"end":{"line":22,"column":null}},"9":{"start":{"line":22,"column":40},"end":{"line":22,"column":67}},"10":{"start":{"line":29,"column":8},"end":{"line":30,"column":null}},"11":{"start":{"line":30,"column":12},"end":{"line":30,"column":null}},"12":{"start":{"line":33,"column":8},"end":{"line":39,"column":null}},"13":{"start":{"line":34,"column":12},"end":{"line":39,"column":null}},"14":{"start":{"line":36,"column":28},"end":{"line":36,"column":98}},"15":{"start":{"line":37,"column":16},"end":{"line":37,"column":null}},"16":{"start":{"line":37,"column":29},"end":{"line":37,"column":null}},"17":{"start":{"line":39,"column":16},"end":{"line":39,"column":null}},"18":{"start":{"line":43,"column":8},"end":{"line":43,"column":null}},"19":{"start":{"line":44,"column":8},"end":{"line":44,"column":null}},"20":{"start":{"line":48,"column":8},"end":{"line":57,"column":null}},"21":{"start":{"line":49,"column":12},"end":{"line":49,"column":null}},"22":{"start":{"line":50,"column":12},"end":{"line":50,"column":null}},"23":{"start":{"line":52,"column":12},"end":{"line":57,"column":null}},"24":{"start":{"line":53,"column":16},"end":{"line":55,"column":null}},"25":{"start":{"line":54,"column":17},"end":{"line":54,"column":null}},"26":{"start":{"line":57,"column":16},"end":{"line":57,"column":null}},"27":{"start":{"line":63,"column":8},"end":{"line":63,"column":null}},"28":{"start":{"line":64,"column":8},"end":{"line":67,"column":null}},"29":{"start":{"line":65,"column":11},"end":{"line":67,"column":null}},"30":{"start":{"line":66,"column":15},"end":{"line":66,"column":null}},"31":{"start":{"line":72,"column":8},"end":{"line":72,"column":null}}},"fnMap":{"0":{"name":"(anonymous_0)","decl":{"start":{"line":12,"column":4},"end":{"line":12,"column":18}},"loc":{"start":{"line":12,"column":18},"end":{"line":24,"column":null}},"line":12},"1":{"name":"(anonymous_1)","decl":{"start":{"line":22,"column":27},"end":{"line":22,"column":35}},"loc":{"start":{"line":22,"column":40},"end":{"line":22,"column":67}},"line":22},"2":{"name":"(anonymous_2)","decl":{"start":{"line":28,"column":17},"end":{"line":28,"column":25}},"loc":{"start":{"line":28,"column":58},"end":{"line":44,"column":null}},"line":28},"3":{"name":"(anonymous_3)","decl":{"start":{"line":47,"column":17},"end":{"line":47,"column":24}},"loc":{"start":{"line":47,"column":54},"end":{"line":57,"column":null}},"line":47},"4":{"name":"(anonymous_4)","decl":{"start":{"line":62,"column":17},"end":{"line":62,"column":26}},"loc":{"start":{"line":62,"column":56},"end":{"line":67,"column":null}},"line":62},"5":{"name":"(anonymous_5)","decl":{"start":{"line":71,"column":4},"end":{"line":71,"column":12}},"loc":{"start":{"line":71,"column":28},"end":{"line":72,"column":null}},"line":71}},"branchMap":{"0":{"loc":{"start":{"line":18,"column":8},"end":{"line":24,"column":null}},"type":"if","locations":[{"start":{"line":18,"column":8},"end":{"line":24,"column":null}},{"start":{},"end":{}}],"line":18},"1":{"loc":{"start":{"line":18,"column":12},"end":{"line":18,"column":59}},"type":"binary-expr","locations":[{"start":{"line":18,"column":12},"end":{"line":18,"column":32}},{"start":{"line":18,"column":32},"end":{"line":18,"column":59}}],"line":18},"2":{"loc":{"start":{"line":21,"column":16},"end":{"line":22,"column":null}},"type":"if","locations":[{"start":{"line":21,"column":16},"end":{"line":22,"column":null}},{"start":{},"end":{}}],"line":21},"3":{"loc":{"start":{"line":29,"column":8},"end":{"line":30,"column":null}},"type":"if","locations":[{"start":{"line":29,"column":8},"end":{"line":30,"column":null}},{"start":{},"end":{}}],"line":29},"4":{"loc":{"start":{"line":29,"column":12},"end":{"line":29,"column":76}},"type":"binary-expr","locations":[{"start":{"line":29,"column":12},"end":{"line":29,"column":43}},{"start":{"line":29,"column":47},"end":{"line":29,"column":76}}],"line":29},"5":{"loc":{"start":{"line":33,"column":8},"end":{"line":39,"column":null}},"type":"if","locations":[{"start":{"line":33,"column":8},"end":{"line":39,"column":null}},{"start":{},"end":{}}],"line":33},"6":{"loc":{"start":{"line":37,"column":16},"end":{"line":37,"column":null}},"type":"if","locations":[{"start":{"line":37,"column":16},"end":{"line":37,"column":null}},{"start":{},"end":{}}],"line":37},"7":{"loc":{"start":{"line":48,"column":8},"end":{"line":57,"column":null}},"type":"if","locations":[{"start":{"line":48,"column":8},"end":{"line":57,"column":null}},{"start":{},"end":{}}],"line":48},"8":{"loc":{"start":{"line":52,"column":12},"end":{"line":57,"column":null}},"type":"if","locations":[{"start":{"line":52,"column":12},"end":{"line":57,"column":null}},{"start":{"line":56,"column":19},"end":{"line":57,"column":null}}],"line":52},"9":{"loc":{"start":{"line":64,"column":8},"end":{"line":67,"column":null}},"type":"if","locations":[{"start":{"line":64,"column":8},"end":{"line":67,"column":null}},{"start":{},"end":{}}],"line":64}},"s":{"0":13,"1":13,"2":13,"3":13,"4":13,"5":5,"6":5,"7":5,"8":5,"9":7,"10":11,"11":3,"12":8,"13":0,"14":0,"15":0,"16":0,"17":0,"18":8,"19":8,"20":3,"21":3,"22":3,"23":3,"24":0,"25":0,"26":3,"27":2,"28":2,"29":0,"30":0,"31":3},"f":{"0":13,"1":7,"2":11,"3":3,"4":2,"5":3},"b":{"0":[5,8],"1":[13,13],"2":[5,0],"3":[3,8],"4":[11,9],"5":[0,8],"6":[0,0],"7":[3,0],"8":[0,3],"9":[0,2]},"meta":{"lastBranch":10,"lastFunction":6,"lastStatement":32,"seen":{"f:12:4:12:18":0,"s:13:8:13:Infinity":0,"s:14:8:14:Infinity":1,"s:15:8:15:Infinity":2,"s:16:8:16:Infinity":3,"b:18:8:24:Infinity:undefined:undefined:undefined:undefined":0,"s:18:8:24:Infinity":4,"b:18:12:18:32:18:32:18:59":1,"s:19:12:24:Infinity":5,"s:20:31:20:81":6,"b:21:16:22:Infinity:undefined:undefined:undefined:undefined":2,"s:21:16:22:Infinity":7,"s:22:20:22:Infinity":8,"f:22:27:22:35":1,"s:22:40:22:67":9,"f:28:17:28:25":2,"b:29:8:30:Infinity:undefined:undefined:undefined:undefined":3,"s:29:8:30:Infinity":10,"b:29:12:29:43:29:47:29:76":4,"s:30:12:30:Infinity":11,"b:33:8:39:Infinity:undefined:undefined:undefined:undefined":5,"s:33:8:39:Infinity":12,"s:34:12:39:Infinity":13,"s:36:28:36:98":14,"b:37:16:37:Infinity:undefined:undefined:undefined:undefined":6,"s:37:16:37:Infinity":15,"s:37:29:37:Infinity":16,"s:39:16:39:Infinity":17,"s:43:8:43:Infinity":18,"s:44:8:44:Infinity":19,"f:47:17:47:24":3,"b:48:8:57:Infinity:undefined:undefined:undefined:undefined":7,"s:48:8:57:Infinity":20,"s:49:12:49:Infinity":21,"s:50:12:50:Infinity":22,"b:52:12:57:Infinity:56:19:57:Infinity":8,"s:52:12:57:Infinity":23,"s:53:16:55:Infinity":24,"s:54:17:54:Infinity":25,"s:57:16:57:Infinity":26,"f:62:17:62:26":4,"s:63:8:63:Infinity":27,"b:64:8:67:Infinity:undefined:undefined:undefined:undefined":9,"s:64:8:67:Infinity":28,"s:65:11:67:Infinity":29,"s:66:15:66:Infinity":30,"f:71:4:71:12":5,"s:72:8:72:Infinity":31}}}
,"/Users/user1000/gitprojects/aegis12-gateway/src/sdk/AegisAgentWrapper.ts": {"path":"/Users/user1000/gitprojects/aegis12-gateway/src/sdk/AegisAgentWrapper.ts","statementMap":{"0":{"start":{"line":43,"column":4},"end":{"line":43,"column":null}},"1":{"start":{"line":57,"column":4},"end":{"line":168,"column":null}},"2":{"start":{"line":59,"column":26},"end":{"line":59,"column":null}},"3":{"start":{"line":61,"column":8},"end":{"line":168,"column":null}},"4":{"start":{"line":63,"column":26},"end":{"line":63,"column":52}},"5":{"start":{"line":64,"column":12},"end":{"line":65,"column":null}},"6":{"start":{"line":65,"column":16},"end":{"line":65,"column":null}},"7":{"start":{"line":69,"column":33},"end":{"line":69,"column":82}},"8":{"start":{"line":70,"column":32},"end":{"line":70,"column":65}},"9":{"start":{"line":72,"column":33},"end":{"line":72,"column":71}},"10":{"start":{"line":73,"column":12},"end":{"line":74,"column":null}},"11":{"start":{"line":74,"column":16},"end":{"line":74,"column":null}},"12":{"start":{"line":78,"column":31},"end":{"line":78,"column":52}},"13":{"start":{"line":79,"column":30},"end":{"line":79,"column":77}},"14":{"start":{"line":79,"column":47},"end":{"line":79,"column":65}},"15":{"start":{"line":81,"column":32},"end":{"line":81,"column":null}},"16":{"start":{"line":82,"column":28},"end":{"line":87,"column":null}},"17":{"start":{"line":89,"column":27},"end":{"line":94,"column":14}},"18":{"start":{"line":96,"column":12},"end":{"line":98,"column":null}},"19":{"start":{"line":97,"column":16},"end":{"line":97,"column":null}},"20":{"start":{"line":98,"column":16},"end":{"line":98,"column":null}},"21":{"start":{"line":101,"column":12},"end":{"line":103,"column":null}},"22":{"start":{"line":102,"column":16},"end":{"line":102,"column":null}},"23":{"start":{"line":103,"column":16},"end":{"line":103,"column":null}},"24":{"start":{"line":106,"column":23},"end":{"line":106,"column":44}},"25":{"start":{"line":109,"column":12},"end":{"line":125,"column":null}},"26":{"start":{"line":110,"column":30},"end":{"line":110,"column":null}},"27":{"start":{"line":112,"column":16},"end":{"line":112,"column":null}},"28":{"start":{"line":112,"column":45},"end":{"line":112,"column":71}},"29":{"start":{"line":114,"column":16},"end":{"line":118,"column":null}},"30":{"start":{"line":120,"column":16},"end":{"line":122,"column":null}},"31":{"start":{"line":121,"column":20},"end":{"line":121,"column":null}},"32":{"start":{"line":122,"column":20},"end":{"line":122,"column":null}},"33":{"start":{"line":125,"column":16},"end":{"line":125,"column":null}},"34":{"start":{"line":128,"column":12},"end":{"line":128,"column":null}},"35":{"start":{"line":131,"column":12},"end":{"line":132,"column":null}},"36":{"start":{"line":132,"column":16},"end":{"line":132,"column":null}},"37":{"start":{"line":135,"column":12},"end":{"line":136,"column":null}},"38":{"start":{"line":136,"column":16},"end":{"line":136,"column":null}},"39":{"start":{"line":139,"column":12},"end":{"line":140,"column":null}},"40":{"start":{"line":140,"column":16},"end":{"line":140,"column":null}},"41":{"start":{"line":144,"column":12},"end":{"line":150,"column":null}},"42":{"start":{"line":154,"column":12},"end":{"line":168,"column":null}},"43":{"start":{"line":155,"column":16},"end":{"line":155,"column":null}},"44":{"start":{"line":158,"column":16},"end":{"line":162,"column":null}},"45":{"start":{"line":164,"column":16},"end":{"line":168,"column":null}}},"fnMap":{"0":{"name":"generatePayloadHash","decl":{"start":{"line":42,"column":9},"end":{"line":42,"column":29}},"loc":{"start":{"line":42,"column":59},"end":{"line":43,"column":null}},"line":42},"1":{"name":"withAegis","decl":{"start":{"line":52,"column":16},"end":{"line":52,"column":null}},"loc":{"start":{"line":55,"column":47},"end":{"line":168,"column":null}},"line":55},"2":{"name":"(anonymous_2)","decl":{"start":{"line":57,"column":11},"end":{"line":57,"column":18}},"loc":{"start":{"line":57,"column":62},"end":{"line":168,"column":null}},"line":57},"3":{"name":"(anonymous_3)","decl":{"start":{"line":79,"column":30},"end":{"line":79,"column":47}},"loc":{"start":{"line":79,"column":47},"end":{"line":79,"column":65}},"line":79},"4":{"name":"(anonymous_4)","decl":{"start":{"line":112,"column":26},"end":{"line":112,"column":34}},"loc":{"start":{"line":112,"column":45},"end":{"line":112,"column":71}},"line":112}},"branchMap":{"0":{"loc":{"start":{"line":59,"column":26},"end":{"line":59,"column":null}},"type":"binary-expr","locations":[{"start":{"line":59,"column":26},"end":{"line":59,"column":46}},{"start":{"line":59,"column":46},"end":{"line":59,"column":null}}],"line":59},"1":{"loc":{"start":{"line":64,"column":12},"end":{"line":65,"column":null}},"type":"if","locations":[{"start":{"line":64,"column":12},"end":{"line":65,"column":null}},{"start":{},"end":{}}],"line":64},"2":{"loc":{"start":{"line":73,"column":12},"end":{"line":74,"column":null}},"type":"if","locations":[{"start":{"line":73,"column":12},"end":{"line":74,"column":null}},{"start":{},"end":{}}],"line":73},"3":{"loc":{"start":{"line":96,"column":12},"end":{"line":98,"column":null}},"type":"if","locations":[{"start":{"line":96,"column":12},"end":{"line":98,"column":null}},{"start":{},"end":{}}],"line":96},"4":{"loc":{"start":{"line":101,"column":12},"end":{"line":103,"column":null}},"type":"if","locations":[{"start":{"line":101,"column":12},"end":{"line":103,"column":null}},{"start":{},"end":{}}],"line":101},"5":{"loc":{"start":{"line":109,"column":19},"end":{"line":109,"column":82}},"type":"binary-expr","locations":[{"start":{"line":109,"column":19},"end":{"line":109,"column":46}},{"start":{"line":109,"column":46},"end":{"line":109,"column":82}}],"line":109},"6":{"loc":{"start":{"line":120,"column":16},"end":{"line":122,"column":null}},"type":"if","locations":[{"start":{"line":120,"column":16},"end":{"line":122,"column":null}},{"start":{},"end":{}}],"line":120},"7":{"loc":{"start":{"line":131,"column":12},"end":{"line":132,"column":null}},"type":"if","locations":[{"start":{"line":131,"column":12},"end":{"line":132,"column":null}},{"start":{},"end":{}}],"line":131},"8":{"loc":{"start":{"line":131,"column":16},"end":{"line":131,"column":81}},"type":"binary-expr","locations":[{"start":{"line":131,"column":16},"end":{"line":131,"column":53}},{"start":{"line":131,"column":53},"end":{"line":131,"column":81}}],"line":131},"9":{"loc":{"start":{"line":135,"column":12},"end":{"line":136,"column":null}},"type":"if","locations":[{"start":{"line":135,"column":12},"end":{"line":136,"column":null}},{"start":{},"end":{}}],"line":135},"10":{"loc":{"start":{"line":139,"column":12},"end":{"line":140,"column":null}},"type":"if","locations":[{"start":{"line":139,"column":12},"end":{"line":140,"column":null}},{"start":{},"end":{}}],"line":139},"11":{"loc":{"start":{"line":154,"column":12},"end":{"line":168,"column":null}},"type":"if","locations":[{"start":{"line":154,"column":12},"end":{"line":168,"column":null}},{"start":{"line":163,"column":19},"end":{"line":168,"column":null}}],"line":154}},"s":{"0":4,"1":4,"2":4,"3":4,"4":4,"5":4,"6":0,"7":4,"8":4,"9":4,"10":4,"11":0,"12":4,"13":4,"14":0,"15":4,"16":4,"17":4,"18":2,"19":0,"20":0,"21":2,"22":0,"23":0,"24":2,"25":2,"26":0,"27":0,"28":0,"29":0,"30":0,"31":0,"32":0,"33":0,"34":2,"35":2,"36":0,"37":2,"38":0,"39":2,"40":0,"41":2,"42":2,"43":1,"44":1,"45":1},"f":{"0":4,"1":4,"2":4,"3":0,"4":0},"b":{"0":[4,1],"1":[0,4],"2":[0,4],"3":[0,2],"4":[0,2],"5":[2,1],"6":[0,0],"7":[0,2],"8":[2,2],"9":[0,2],"10":[0,2],"11":[1,1]},"meta":{"lastBranch":12,"lastFunction":5,"lastStatement":46,"seen":{"f:42:9:42:29":0,"s:43:4:43:Infinity":0,"f:52:16:52:Infinity":1,"s:57:4:168:Infinity":1,"f:57:11:57:18":2,"s:59:26:59:Infinity":2,"b:59:26:59:46:59:46:59:Infinity":0,"s:61:8:168:Infinity":3,"s:63:26:63:52":4,"b:64:12:65:Infinity:undefined:undefined:undefined:undefined":1,"s:64:12:65:Infinity":5,"s:65:16:65:Infinity":6,"s:69:33:69:82":7,"s:70:32:70:65":8,"s:72:33:72:71":9,"b:73:12:74:Infinity:undefined:undefined:undefined:undefined":2,"s:73:12:74:Infinity":10,"s:74:16:74:Infinity":11,"s:78:31:78:52":12,"s:79:30:79:77":13,"f:79:30:79:47":3,"s:79:47:79:65":14,"s:81:32:81:Infinity":15,"s:82:28:87:Infinity":16,"s:89:27:94:14":17,"b:96:12:98:Infinity:undefined:undefined:undefined:undefined":3,"s:96:12:98:Infinity":18,"s:97:16:97:Infinity":19,"s:98:16:98:Infinity":20,"b:101:12:103:Infinity:undefined:undefined:undefined:undefined":4,"s:101:12:103:Infinity":21,"s:102:16:102:Infinity":22,"s:103:16:103:Infinity":23,"s:106:23:106:44":24,"s:109:12:125:Infinity":25,"b:109:19:109:46:109:46:109:82":5,"s:110:30:110:Infinity":26,"s:112:16:112:Infinity":27,"f:112:26:112:34":4,"s:112:45:112:71":28,"s:114:16:118:Infinity":29,"b:120:16:122:Infinity:undefined:undefined:undefined:undefined":6,"s:120:16:122:Infinity":30,"s:121:20:121:Infinity":31,"s:122:20:122:Infinity":32,"s:125:16:125:Infinity":33,"s:128:12:128:Infinity":34,"b:131:12:132:Infinity:undefined:undefined:undefined:undefined":7,"s:131:12:132:Infinity":35,"b:131:16:131:53:131:53:131:81":8,"s:132:16:132:Infinity":36,"b:135:12:136:Infinity:undefined:undefined:undefined:undefined":9,"s:135:12:136:Infinity":37,"s:136:16:136:Infinity":38,"b:139:12:140:Infinity:undefined:undefined:undefined:undefined":10,"s:139:12:140:Infinity":39,"s:140:16:140:Infinity":40,"s:144:12:150:Infinity":41,"b:154:12:168:Infinity:163:19:168:Infinity":11,"s:154:12:168:Infinity":42,"s:155:16:155:Infinity":43,"s:158:16:162:Infinity":44,"s:164:16:168:Infinity":45}}}
}
